2025-08-02 00:00:01,248 - INFO - 节点信息初始化完成
2025-08-02 00:00:01,265 - INFO - 初始化 Pod redis-58dcbc9f5f-xhhv2 的重启计数为 0
2025-08-02 00:19:48,183 - INFO - 频道[security_alerts] 收到消息：{
  "pod_name": "attack-simulator",
  "namespace": "security-playground",
  "alert": "Container escape detected: none on /mnt/hostproc type proc (rw,relatime)"
}

2025-08-02 00:24:31,634 - INFO - 节点信息初始化完成
2025-08-02 00:24:31,650 - INFO - 初始化 Pod redis-58dcbc9f5f-xhhv2 的重启计数为 0
2025-08-02 00:24:31,705 - INFO - 频道[security_alerts] 收到消息：{
  "pod_name": "attack-simulator",
  "namespace": "security-playground",
  "alert": "Container escape detected: none on /mnt/hostproc type proc (rw,relatime)"
}

2025-08-02 00:25:02,315 - INFO - 节点信息初始化完成
2025-08-02 00:25:02,335 - INFO - 初始化 Pod redis-58dcbc9f5f-xhhv2 的重启计数为 0
2025-08-02 00:25:04,096 - INFO - 频道[security_alerts] 收到消息：{
  "pod_name": "attack-simulator",
  "namespace": "security-playground",
  "alert": "Container escape detected: none on /mnt/hostproc type proc (rw,relatime)"
}

2025-08-02 00:25:04,173 - INFO - Deleted Pod attack-simulator
2025-08-02 00:25:04,275 - INFO - Deleted node 'ec3' from cluster
2025-08-02 00:35:58,565 - INFO - 节点信息初始化完成
2025-08-02 00:35:58,602 - INFO - 初始化 Pod redis-58dcbc9f5f-xhhv2 的重启计数为 0
2025-08-02 00:37:37,153 - INFO - 频道[security_alerts] 收到消息：{
  "pod_name": "attack-simulator",
  "namespace": "security-playground",
  "alert": "Container escape detected: none on /mnt/hostproc type proc (rw,relatime)"
}

2025-08-02 00:37:37,172 - INFO - Deleted Pod attack-simulator
2025-08-02 00:37:37,177 - INFO - 迁移节点 ec3 的 Pod prometheus-8df8bcb94-sqvfl
2025-08-02 00:37:37,200 - INFO - Pod prometheus-8df8bcb94-sqvfl 已迁移到 {'computing_device': 'compute_node2'}
2025-08-02 00:37:37,201 - INFO - Pod prometheus-8df8bcb94-sqvfl 已迁移到 {'computing_device': 'compute_node2'}
2025-08-02 00:37:37,356 - INFO - Deleted node 'ec3' from cluster
2025-08-02 00:51:13,146 - INFO - 频道[security_alerts] 收到消息：{
  "pod_name": "attack-simulator",
  "namespace": "security-playground",
  "alert": "Container escape detected: none on /mnt/hostproc type proc (rw,relatime)"
}

2025-08-02 00:51:13,207 - INFO - Deleted Pod attack-simulator
2025-08-02 00:51:13,212 - INFO - 迁移节点 ec3 的 Pod prometheus-8df8bcb94-dp4mc
2025-08-02 00:51:13,281 - INFO - Pod prometheus-8df8bcb94-dp4mc 已迁移到 {'computing_device': 'compute_node2'}
2025-08-02 00:51:13,281 - INFO - Pod prometheus-8df8bcb94-dp4mc 已迁移到 {'computing_device': 'compute_node2'}
2025-08-02 00:51:13,318 - INFO - Deleted node 'ec3' from cluster
2025-08-02 01:13:32,630 - INFO - 节点 k8s-node-rpi5-2 状态未知: Unknown
2025-08-02 01:24:05,497 - INFO - 节点 k8s-node-rpi5-2 需要迁移 Pod
2025-08-02 01:24:05,508 - INFO - 迁移节点 k8s-node-rpi5-2 的 Pod prometheus-78f8b9f464-ww2g8
2025-08-02 01:24:05,530 - INFO - Pod prometheus-78f8b9f464-ww2g8 已迁移到 {'computing_device': 'compute_node1'}
2025-08-02 01:24:05,530 - INFO - Pod prometheus-78f8b9f464-ww2g8 已迁移到 {'computing_device': 'compute_node1'}
2025-08-02 01:24:07,551 - INFO - 初始化 Pod processor-service-5f5b4558cd-dkh2d 的重启计数为 0
2025-08-02 01:24:07,551 - INFO - 初始化 Pod redis-58dcbc9f5f-8pkr6 的重启计数为 0
2025-08-02 01:24:07,663 - INFO - 节点 k8s-node-rpi5-2 已经迁移过 Pod，检查当前状态
2025-08-02 01:24:09,766 - INFO - 节点 k8s-node-rpi5-2 已经迁移过 Pod，检查当前状态
2025-08-02 01:24:09,766 - INFO - 节点 k8s-node-rpi5-2 状态正常，准备迁回pod!
2025-08-02 01:24:09,785 - INFO - Pod prometheus-5fd6fc996c-dg558 已经迁回到 k8s-node-rpi5-2
2025-08-02 01:24:09,785 - INFO - 迁移节点 k8s-node-rp5-1 的 Pod prometheus-5fd6fc996c-dg558
2025-08-02 01:24:09,850 - INFO - Pod prometheus-5fd6fc996c-dg558 已迁移到 {'computing_device': 'compute_node2'}
2025-08-02 01:26:28,006 - INFO - Pod processor-service-5f5b4558cd-dkh2d 重启计数更新为 1
2025-08-02 01:29:27,430 - INFO - Pod processor-service-5f5b4558cd-dkh2d 重启计数更新为 2
2025-08-02 01:33:53,681 - INFO - Pod processor-service-5f5b4558cd-dkh2d 重启计数更新为 3
2025-08-02 01:44:43,525 - INFO - 初始化 Pod control-belt1-v4-7b44687c5d-2zbjg 的重启计数为 0
2025-08-02 02:03:10,133 - INFO - 节点信息初始化完成
2025-08-02 02:03:10,152 - INFO - 初始化 Pod control-belt1-v4-7b44687c5d-2zbjg 的重启计数为 0
2025-08-02 02:03:10,153 - INFO - 初始化 Pod processor-service-5f5b4558cd-dkh2d 的重启计数为 0
2025-08-02 02:03:10,153 - INFO - Pod processor-service-5f5b4558cd-dkh2d 重启计数更新为 3
2025-08-02 02:03:10,273 - INFO - 初始化 Pod redis-58dcbc9f5f-8pkr6 的重启计数为 0
2025-08-02 02:12:34,223 - INFO - 节点信息初始化完成
2025-08-02 02:12:34,246 - INFO - 初始化 Pod control-belt1-v4-7b44687c5d-2zbjg 的重启计数为 0
2025-08-02 02:12:34,246 - INFO - 初始化 Pod processor-service-5f5b4558cd-dkh2d 的重启计数为 0
2025-08-02 02:12:34,246 - INFO - Pod processor-service-5f5b4558cd-dkh2d 重启计数更新为 3
2025-08-02 02:12:34,372 - INFO - 初始化 Pod redis-58dcbc9f5f-8pkr6 的重启计数为 0
2025-08-02 02:12:35,942 - INFO - 频道[security_alerts] 收到消息：{
  "pod_name": "attack-simulator",
  "namespace": "security-playground",
  "alert": "Container escape detected: none on /mnt/hostproc type proc (rw,relatime)"
}

2025-08-02 02:12:35,964 - INFO - Deleted Pod attack-simulator
2025-08-02 02:12:35,970 - INFO - 迁移节点 ec3 的 Pod prometheus-8df8bcb94-p596z
2025-08-02 02:12:35,988 - INFO - Pod prometheus-8df8bcb94-p596z 已迁移到 {'computing_device': 'compute_node2'}
2025-08-02 02:12:35,988 - INFO - Pod prometheus-8df8bcb94-p596z 已迁移到 {'computing_device': 'compute_node2'}
2025-08-02 02:12:36,061 - INFO - Deleted node 'ec3' from cluster
2025-08-02 02:18:08,720 - INFO - 节点 ec3 状态异常: Not Ready
2025-08-02 02:18:08,785 - INFO - 节点 ec3 需要迁移 Pod
2025-08-02 02:22:20,447 - INFO - 频道[security_alerts] 收到消息：{
  "pod_name": "attack-simulator",
  "namespace": "security-playground",
  "alert": "Container escape detected: none on /mnt/hostproc type proc (rw,relatime)"
}

2025-08-02 02:22:20,469 - INFO - Deleted Pod attack-simulator
2025-08-02 02:22:20,473 - INFO - 迁移节点 ec3 的 Pod prometheus-8df8bcb94-bqhjr
2025-08-02 02:22:20,490 - INFO - Pod prometheus-8df8bcb94-bqhjr 已迁移到 {'computing_device': 'compute_node2'}
2025-08-02 02:22:20,490 - INFO - Pod prometheus-8df8bcb94-bqhjr 已迁移到 {'computing_device': 'compute_node2'}
2025-08-02 02:22:20,548 - INFO - Deleted node 'ec3' from cluster
2025-08-02 02:31:26,120 - INFO - 频道[security_alerts] 收到消息：{
  "pod_name": "attack-simulator",
  "namespace": "security-playground",
  "alert": "Container escape detected: none on /mnt/hostproc type proc (rw,relatime)"
}

2025-08-02 02:31:26,210 - INFO - Deleted Pod attack-simulator
2025-08-02 02:31:26,217 - INFO - 迁移节点 ec3 的 Pod prometheus-8df8bcb94-8xm9l
2025-08-02 02:31:26,236 - INFO - Pod prometheus-8df8bcb94-8xm9l 已迁移到 {'computing_device': 'compute_node2'}
2025-08-02 02:31:26,236 - INFO - Pod prometheus-8df8bcb94-8xm9l 已迁移到 {'computing_device': 'compute_node2'}
2025-08-02 02:31:26,278 - INFO - Deleted node 'ec3' from cluster
2025-08-02 02:40:53,551 - INFO - 频道[security_alerts] 收到消息：{
  "pod_name": "attack-simulator",
  "namespace": "security-playground",
  "alert": "Container escape detected: none on /mnt/hostproc type proc (rw,relatime)"
}

2025-08-02 02:40:53,632 - INFO - Deleted Pod attack-simulator
2025-08-02 02:40:53,637 - INFO - 迁移节点 ec3 的 Pod prometheus-8df8bcb94-vctlw
2025-08-02 02:40:53,695 - INFO - Pod prometheus-8df8bcb94-vctlw 已迁移到 {'computing_device': 'compute_node2'}
2025-08-02 02:40:53,695 - INFO - Pod prometheus-8df8bcb94-vctlw 已迁移到 {'computing_device': 'compute_node2'}
2025-08-02 02:40:53,774 - INFO - Deleted node 'ec3' from cluster
2025-08-02 02:44:50,106 - WARNING - Retrying (Retry(total=2, connect=None, read=None, redirect=None, status=None)) after connection broken by 'NewConnectionError('<urllib3.connection.HTTPSConnection object at 0x76163caee310>: Failed to establish a new connection: [Errno 101] Network is unreachable')': /api/v1/nodes
2025-08-02 02:56:52,492 - INFO - 频道[security_alerts] 收到消息：{"type": "SUSPICIOUS_OUTBOUND_TRAFFIC", "pod": "kube-system/kube-proxy-4qt2z", "ratio": "69.7:1", "severity": "warning"}
2025-08-02 03:00:28,425 - WARNING - Retrying (Retry(total=2, connect=None, read=None, redirect=None, status=None)) after connection broken by 'NewConnectionError('<urllib3.connection.HTTPSConnection object at 0x76163ca38d30>: Failed to establish a new connection: [Errno 101] Network is unreachable')': /api/v1/nodes
2025-08-02 03:00:28,425 - WARNING - Retrying (Retry(total=1, connect=None, read=None, redirect=None, status=None)) after connection broken by 'NewConnectionError('<urllib3.connection.HTTPSConnection object at 0x76163cb4df10>: Failed to establish a new connection: [Errno 101] Network is unreachable')': /api/v1/nodes
2025-08-02 03:00:28,425 - WARNING - Retrying (Retry(total=0, connect=None, read=None, redirect=None, status=None)) after connection broken by 'NewConnectionError('<urllib3.connection.HTTPSConnection object at 0x76163cb4d370>: Failed to establish a new connection: [Errno 101] Network is unreachable')': /api/v1/nodes
2025-08-02 11:18:14,246 - INFO - 节点信息初始化完成
2025-08-02 11:18:14,268 - INFO - 初始化 Pod control-belt1-v4-7b44687c5d-gw5tv 的重启计数为 0
2025-08-02 11:18:14,268 - INFO - 初始化 Pod control-belt2-v4-86cbbbcb86-4hhl8 的重启计数为 0
2025-08-02 11:18:14,268 - INFO - 初始化 Pod image-capture-2-f97467c69-g7whk 的重启计数为 0
2025-08-02 11:18:14,268 - INFO - 初始化 Pod image-capture-694cfc744c-h89k2 的重启计数为 0
2025-08-02 11:18:14,268 - INFO - Pod image-capture-694cfc744c-h89k2 重启计数更新为 2
2025-08-02 11:18:14,404 - INFO - 初始化 Pod processor-service-2-758998bdc8-6fdwb 的重启计数为 0
2025-08-02 11:18:14,404 - INFO - 初始化 Pod processor-service-5f5b4558cd-np89p 的重启计数为 0
2025-08-02 11:18:14,404 - INFO - 初始化 Pod redis-58dcbc9f5f-6xzmh 的重启计数为 0
2025-08-02 11:19:10,501 - INFO - 频道[security_alerts] 收到消息：{"type": "SUSPICIOUS_OUTBOUND_TRAFFIC", "pod": "default/image-capture-2-f97467c69-g7whk", "ratio": "143.8:1", "severity": "warning"}
2025-08-02 11:27:50,540 - INFO - 节点 phytium-desktop CPU 负载过高: 99.3499999999949%
2025-08-02 11:27:50,546 - INFO - 节点 phytium-desktop 需要迁移 Pod
2025-08-02 11:27:50,566 - INFO - 迁移节点 phytium-desktop 的 Pod processor-service-5f5b4558cd-np89p
2025-08-02 11:27:50,591 - INFO - Pod processor-service-5f5b4558cd-np89p 已迁移到 {'computing_device': 'compute_node2'}
2025-08-02 11:27:50,591 - INFO - Pod processor-service-5f5b4558cd-np89p 已迁移到 {'computing_device': 'compute_node2'}
2025-08-02 11:27:52,636 - INFO - 初始化 Pod processor-service-765fd7df55-nk2x4 的重启计数为 0
2025-08-02 11:27:52,976 - INFO - 节点 phytium-desktop 已经迁移过 Pod，检查当前状态
2025-08-02 11:27:55,068 - INFO - 节点 phytium-desktop 已经迁移过 Pod，检查当前状态
2025-08-02 11:27:57,166 - INFO - 节点 phytium-desktop 已经迁移过 Pod，检查当前状态
2025-08-02 11:27:59,272 - INFO - 节点 phytium-desktop 已经迁移过 Pod，检查当前状态
2025-08-02 11:28:01,386 - INFO - 节点 phytium-desktop 已经迁移过 Pod，检查当前状态
2025-08-02 11:28:03,515 - INFO - 节点 phytium-desktop 已经迁移过 Pod，检查当前状态
2025-08-02 11:28:05,596 - INFO - 节点 phytium-desktop 已经迁移过 Pod，检查当前状态
2025-08-02 11:28:07,953 - INFO - 节点 phytium-desktop 已经迁移过 Pod，检查当前状态
2025-08-02 11:28:10,098 - INFO - 节点 phytium-desktop 已经迁移过 Pod，检查当前状态
2025-08-02 11:28:12,245 - INFO - 节点 phytium-desktop 已经迁移过 Pod，检查当前状态
2025-08-02 11:28:14,349 - INFO - 节点 phytium-desktop 已经迁移过 Pod，检查当前状态
2025-08-02 11:28:16,465 - INFO - 节点 phytium-desktop 已经迁移过 Pod，检查当前状态
2025-08-02 11:28:18,631 - INFO - 节点 phytium-desktop 已经迁移过 Pod，检查当前状态
2025-08-02 11:28:20,765 - INFO - 节点 phytium-desktop 已经迁移过 Pod，检查当前状态
2025-08-02 11:28:23,078 - INFO - 节点 phytium-desktop 已经迁移过 Pod，检查当前状态
2025-08-02 11:28:25,202 - INFO - 节点 phytium-desktop 已经迁移过 Pod，检查当前状态
2025-08-02 11:28:27,298 - INFO - 节点 phytium-desktop 已经迁移过 Pod，检查当前状态
2025-08-02 11:28:29,424 - INFO - 节点 phytium-desktop 已经迁移过 Pod，检查当前状态
2025-08-02 11:28:29,424 - INFO - 节点 phytium-desktop 状态正常，准备迁回pod!
2025-08-02 11:28:29,449 - INFO - Pod processor-service-765fd7df55-nk2x4 已经迁回到 phytium-desktop
2025-08-02 11:28:29,450 - INFO - 迁移节点 k8s-node-rpi5-2 的 Pod processor-service-765fd7df55-nk2x4
2025-08-02 11:28:29,558 - INFO - Pod processor-service-765fd7df55-nk2x4 已迁移到 {'computing_device': 'compute_node3'}
2025-08-02 11:28:31,665 - INFO - 初始化 Pod processor-service-5f5b4558cd-n669b 的重启计数为 0
2025-08-02 11:29:19,606 - INFO - 节点 phytium-desktop CPU 负载过高: 98.84999999999309%
2025-08-02 11:29:19,612 - INFO - 节点 phytium-desktop 需要迁移 Pod
2025-08-02 11:29:19,621 - INFO - 迁移节点 phytium-desktop 的 Pod processor-service-5f5b4558cd-n669b
2025-08-02 11:29:19,649 - INFO - Pod processor-service-5f5b4558cd-n669b 已迁移到 {'computing_device': 'compute_node2'}
2025-08-02 11:29:19,649 - INFO - Pod processor-service-5f5b4558cd-n669b 已迁移到 {'computing_device': 'compute_node2'}
2025-08-02 11:29:21,683 - INFO - 初始化 Pod processor-service-765fd7df55-l6cpb 的重启计数为 0
2025-08-02 11:29:21,886 - INFO - 节点 phytium-desktop 已经迁移过 Pod，检查当前状态
2025-08-02 11:29:24,004 - INFO - 节点 phytium-desktop 已经迁移过 Pod，检查当前状态
2025-08-02 11:29:26,084 - INFO - 节点 phytium-desktop 已经迁移过 Pod，检查当前状态
2025-08-02 11:29:28,174 - INFO - 节点 phytium-desktop 已经迁移过 Pod，检查当前状态
2025-08-02 11:29:30,270 - INFO - 节点 phytium-desktop 已经迁移过 Pod，检查当前状态
2025-08-02 11:29:32,376 - INFO - 节点 phytium-desktop 已经迁移过 Pod，检查当前状态
2025-08-02 11:29:34,468 - INFO - 节点 phytium-desktop 已经迁移过 Pod，检查当前状态
2025-08-02 11:29:36,859 - INFO - 节点 phytium-desktop 已经迁移过 Pod，检查当前状态
2025-08-02 11:29:38,961 - INFO - 节点 phytium-desktop 已经迁移过 Pod，检查当前状态
2025-08-02 11:29:41,058 - INFO - 节点 phytium-desktop 已经迁移过 Pod，检查当前状态
2025-08-02 11:29:43,209 - INFO - 节点 phytium-desktop 已经迁移过 Pod，检查当前状态
2025-08-02 11:29:45,297 - INFO - 节点 phytium-desktop 已经迁移过 Pod，检查当前状态
2025-08-02 11:29:45,297 - INFO - 节点 phytium-desktop 状态正常，准备迁回pod!
2025-08-02 11:29:45,323 - INFO - Pod processor-service-5f5b4558cd-n669b 已经迁回到 phytium-desktop
2025-08-02 11:29:45,323 - INFO - 迁移节点 k8s-node-rpi5-2 的 Pod processor-service-5f5b4558cd-n669b
2025-08-02 11:29:45,351 - INFO - Pod processor-service-5f5b4558cd-n669b 已迁移到 {'computing_device': 'compute_node3'}
2025-08-02 11:29:47,392 - INFO - 初始化 Pod processor-service-5f5b4558cd-w57qs 的重启计数为 0
2025-08-02 12:08:41,052 - INFO - 节点 phytium-desktop CPU 负载过高: 98.09999999999945%
2025-08-02 12:08:41,070 - INFO - 节点 phytium-desktop 需要迁移 Pod
2025-08-02 12:08:41,079 - INFO - 迁移节点 phytium-desktop 的 Pod processor-service-5f5b4558cd-w57qs
2025-08-02 12:08:41,175 - INFO - Pod processor-service-5f5b4558cd-w57qs 已迁移到 {'computing_device': 'compute_node2'}
2025-08-02 12:08:41,175 - INFO - Pod processor-service-5f5b4558cd-w57qs 已迁移到 {'computing_device': 'compute_node2'}
2025-08-02 12:08:43,224 - INFO - 初始化 Pod processor-service-765fd7df55-bmzlp 的重启计数为 0
2025-08-02 12:08:43,356 - INFO - 节点 phytium-desktop 已经迁移过 Pod，检查当前状态
2025-08-02 12:08:45,488 - INFO - 节点 phytium-desktop 已经迁移过 Pod，检查当前状态
2025-08-02 12:08:47,651 - INFO - 节点 phytium-desktop 已经迁移过 Pod，检查当前状态
2025-08-02 12:08:49,738 - INFO - 节点 phytium-desktop 已经迁移过 Pod，检查当前状态
2025-08-02 12:08:52,152 - INFO - 节点 phytium-desktop 已经迁移过 Pod，检查当前状态
2025-08-02 12:08:54,248 - INFO - 节点 phytium-desktop 已经迁移过 Pod，检查当前状态
2025-08-02 12:08:56,331 - INFO - 节点 phytium-desktop 已经迁移过 Pod，检查当前状态
2025-08-02 12:08:58,421 - INFO - 节点 phytium-desktop 已经迁移过 Pod，检查当前状态
2025-08-02 12:09:00,517 - INFO - 节点 phytium-desktop 已经迁移过 Pod，检查当前状态
2025-08-02 12:09:02,595 - INFO - 节点 phytium-desktop 已经迁移过 Pod，检查当前状态
2025-08-02 12:09:04,665 - INFO - 节点 phytium-desktop 已经迁移过 Pod，检查当前状态
2025-08-02 12:09:06,768 - INFO - 节点 phytium-desktop 已经迁移过 Pod，检查当前状态
2025-08-02 12:09:08,859 - INFO - 节点 phytium-desktop 已经迁移过 Pod，检查当前状态
2025-08-02 12:09:10,942 - INFO - 节点 phytium-desktop 已经迁移过 Pod，检查当前状态
2025-08-02 12:09:13,017 - INFO - 节点 phytium-desktop 已经迁移过 Pod，检查当前状态
2025-08-02 12:09:15,143 - INFO - 节点 phytium-desktop 已经迁移过 Pod，检查当前状态
2025-08-02 12:09:17,234 - INFO - 节点 phytium-desktop 已经迁移过 Pod，检查当前状态
2025-08-02 12:09:19,320 - INFO - 节点 phytium-desktop 已经迁移过 Pod，检查当前状态
2025-08-02 12:09:21,442 - INFO - 节点 phytium-desktop 已经迁移过 Pod，检查当前状态
2025-08-02 12:09:23,535 - INFO - 节点 phytium-desktop 已经迁移过 Pod，检查当前状态
2025-08-02 12:09:25,676 - INFO - 节点 phytium-desktop 已经迁移过 Pod，检查当前状态
2025-08-02 12:09:27,761 - INFO - 节点 phytium-desktop 已经迁移过 Pod，检查当前状态
2025-08-02 12:09:29,933 - INFO - 节点 phytium-desktop 已经迁移过 Pod，检查当前状态
2025-08-02 12:09:32,021 - INFO - 节点 phytium-desktop 已经迁移过 Pod，检查当前状态
2025-08-02 12:09:34,119 - INFO - 节点 phytium-desktop 已经迁移过 Pod，检查当前状态
2025-08-02 12:09:36,192 - INFO - 节点 phytium-desktop 已经迁移过 Pod，检查当前状态
2025-08-02 12:09:38,311 - INFO - 节点 phytium-desktop 已经迁移过 Pod，检查当前状态
2025-08-02 12:09:40,452 - INFO - 节点 phytium-desktop 已经迁移过 Pod，检查当前状态
2025-08-02 12:09:42,520 - INFO - 节点 phytium-desktop 已经迁移过 Pod，检查当前状态
2025-08-02 12:09:44,620 - INFO - 节点 phytium-desktop 已经迁移过 Pod，检查当前状态
2025-08-02 12:09:46,707 - INFO - 节点 phytium-desktop 已经迁移过 Pod，检查当前状态
2025-08-02 12:09:48,799 - INFO - 节点 phytium-desktop 已经迁移过 Pod，检查当前状态
2025-08-02 12:09:50,905 - INFO - 节点 phytium-desktop 已经迁移过 Pod，检查当前状态
2025-08-02 12:09:52,994 - INFO - 节点 phytium-desktop 已经迁移过 Pod，检查当前状态
2025-08-02 12:09:55,147 - INFO - 节点 phytium-desktop 已经迁移过 Pod，检查当前状态
2025-08-02 12:09:57,292 - INFO - 节点 phytium-desktop 已经迁移过 Pod，检查当前状态
2025-08-02 12:09:59,470 - INFO - 节点 phytium-desktop 已经迁移过 Pod，检查当前状态
2025-08-02 12:09:59,470 - INFO - 节点 phytium-desktop 状态正常，准备迁回pod!
2025-08-02 12:09:59,504 - INFO - Pod processor-service-765fd7df55-bmzlp 已经迁回到 phytium-desktop
2025-08-02 12:09:59,504 - INFO - 迁移节点 k8s-node-rpi5-2 的 Pod processor-service-765fd7df55-bmzlp
2025-08-02 12:09:59,523 - INFO - Pod processor-service-765fd7df55-bmzlp 已迁移到 {'computing_device': 'compute_node3'}
2025-08-02 12:10:01,567 - INFO - 初始化 Pod processor-service-5f5b4558cd-jv8r7 的重启计数为 0
2025-08-02 12:12:54,289 - INFO - Pod image-capture-694cfc744c-h89k2 重启计数更新为 3
2025-08-02 12:14:01,638 - INFO - Pod image-capture-694cfc744c-h89k2 重启计数更新为 4
2025-08-02 12:15:12,458 - INFO - 节点 ec3 状态未知: Unknown
2025-08-02 12:15:12,479 - INFO - 节点 ec3 需要迁移 Pod
2025-08-02 12:15:12,485 - INFO - 迁移节点 ec3 的 Pod prometheus-8df8bcb94-zlwrk
2025-08-02 12:15:12,536 - INFO - Pod prometheus-8df8bcb94-zlwrk 已迁移到 {'computing_device': 'compute_node2'}
2025-08-02 12:15:12,536 - INFO - Pod prometheus-8df8bcb94-zlwrk 已迁移到 {'computing_device': 'compute_node2'}
2025-08-02 12:15:14,562 - INFO - 节点 ec3 已经迁移过 Pod，检查当前状态
2025-08-02 12:15:16,644 - INFO - 节点 ec3 已经迁移过 Pod，检查当前状态
2025-08-02 12:15:18,795 - INFO - 节点 ec3 已经迁移过 Pod，检查当前状态
2025-08-02 12:15:20,947 - INFO - 节点 ec3 已经迁移过 Pod，检查当前状态
2025-08-02 12:15:23,133 - INFO - 节点 ec3 已经迁移过 Pod，检查当前状态
2025-08-02 12:15:25,269 - INFO - 节点 ec3 已经迁移过 Pod，检查当前状态
2025-08-02 12:15:27,411 - INFO - 节点 ec3 已经迁移过 Pod，检查当前状态
2025-08-02 12:15:29,536 - INFO - 节点 ec3 已经迁移过 Pod，检查当前状态
2025-08-02 12:15:31,689 - INFO - 节点 ec3 已经迁移过 Pod，检查当前状态
2025-08-02 12:15:33,807 - INFO - 节点 ec3 已经迁移过 Pod，检查当前状态
2025-08-02 12:15:36,006 - INFO - 节点 ec3 已经迁移过 Pod，检查当前状态
2025-08-02 12:15:38,216 - INFO - 节点 ec3 已经迁移过 Pod，检查当前状态
2025-08-02 12:15:40,323 - INFO - 节点 ec3 已经迁移过 Pod，检查当前状态
2025-08-02 12:15:42,505 - INFO - 节点 ec3 已经迁移过 Pod，检查当前状态
2025-08-02 12:15:44,618 - INFO - 节点 ec3 已经迁移过 Pod，检查当前状态
2025-08-02 12:15:46,723 - INFO - 节点 ec3 已经迁移过 Pod，检查当前状态
2025-08-02 12:15:48,888 - INFO - 节点 ec3 已经迁移过 Pod，检查当前状态
2025-08-02 12:15:51,009 - INFO - 节点 ec3 已经迁移过 Pod，检查当前状态
2025-08-02 12:15:53,092 - INFO - 节点 ec3 已经迁移过 Pod，检查当前状态
2025-08-02 12:15:55,167 - INFO - 节点 ec3 已经迁移过 Pod，检查当前状态
2025-08-02 12:15:57,250 - INFO - 节点 ec3 已经迁移过 Pod，检查当前状态
2025-08-02 12:15:59,329 - INFO - 节点 ec3 已经迁移过 Pod，检查当前状态
2025-08-02 12:16:01,427 - INFO - 节点 ec3 已经迁移过 Pod，检查当前状态
2025-08-02 12:16:03,497 - INFO - 节点 ec3 已经迁移过 Pod，检查当前状态
2025-08-02 12:16:05,619 - INFO - 节点 ec3 已经迁移过 Pod，检查当前状态
2025-08-02 12:16:07,929 - INFO - 节点 ec3 已经迁移过 Pod，检查当前状态
2025-08-02 12:16:07,929 - INFO - 节点 ec3 状态正常，准备迁回pod!
2025-08-02 12:16:08,016 - INFO - Pod prometheus-78f8b9f464-lmjfk 已经迁回到 ec3
2025-08-02 12:16:08,016 - INFO - 迁移节点 k8s-node-rpi5-2 的 Pod prometheus-78f8b9f464-lmjfk
2025-08-02 12:16:08,033 - INFO - Pod prometheus-78f8b9f464-lmjfk 已迁移到 {'computing_device': 'compute_node4'}
2025-08-02 12:18:35,998 - INFO - 节点 phytium-desktop CPU 负载过高: 99.30000000000291%
2025-08-02 12:18:36,004 - INFO - 节点 phytium-desktop 需要迁移 Pod
2025-08-02 12:18:36,019 - INFO - 迁移节点 phytium-desktop 的 Pod processor-service-5f5b4558cd-jv8r7
2025-08-02 12:18:36,057 - INFO - Pod processor-service-5f5b4558cd-jv8r7 已迁移到 {'computing_device': 'compute_node2'}
2025-08-02 12:18:36,057 - INFO - Pod processor-service-5f5b4558cd-jv8r7 已迁移到 {'computing_device': 'compute_node2'}
2025-08-02 12:18:38,095 - INFO - 初始化 Pod processor-service-765fd7df55-mxfkf 的重启计数为 0
2025-08-02 12:18:38,181 - INFO - 节点 phytium-desktop 已经迁移过 Pod，检查当前状态
2025-08-02 12:18:40,286 - INFO - 节点 phytium-desktop 已经迁移过 Pod，检查当前状态
2025-08-02 12:18:42,382 - INFO - 节点 phytium-desktop 已经迁移过 Pod，检查当前状态
2025-08-02 12:18:44,542 - INFO - 节点 phytium-desktop 已经迁移过 Pod，检查当前状态
2025-08-02 12:18:46,688 - INFO - 节点 phytium-desktop 已经迁移过 Pod，检查当前状态
2025-08-02 12:18:48,828 - INFO - 节点 phytium-desktop 已经迁移过 Pod，检查当前状态
2025-08-02 12:18:50,911 - INFO - 节点 phytium-desktop 已经迁移过 Pod，检查当前状态
2025-08-02 12:18:53,037 - INFO - 节点 phytium-desktop 已经迁移过 Pod，检查当前状态
2025-08-02 12:18:55,148 - INFO - 节点 phytium-desktop 已经迁移过 Pod，检查当前状态
2025-08-02 12:18:57,227 - INFO - 节点 phytium-desktop 已经迁移过 Pod，检查当前状态
2025-08-02 12:18:59,323 - INFO - 节点 phytium-desktop 已经迁移过 Pod，检查当前状态
2025-08-02 12:19:01,418 - INFO - 节点 phytium-desktop 已经迁移过 Pod，检查当前状态
2025-08-02 12:19:03,501 - INFO - 节点 phytium-desktop 已经迁移过 Pod，检查当前状态
2025-08-02 12:19:05,582 - INFO - 节点 phytium-desktop 已经迁移过 Pod，检查当前状态
2025-08-02 12:19:07,663 - INFO - 节点 phytium-desktop 已经迁移过 Pod，检查当前状态
2025-08-02 12:19:09,795 - INFO - 节点 phytium-desktop 已经迁移过 Pod，检查当前状态
2025-08-02 12:19:11,898 - INFO - 节点 phytium-desktop 已经迁移过 Pod，检查当前状态
2025-08-02 12:19:14,082 - INFO - 节点 phytium-desktop 已经迁移过 Pod，检查当前状态
2025-08-02 12:19:16,256 - INFO - 节点 phytium-desktop 已经迁移过 Pod，检查当前状态
2025-08-02 12:19:18,418 - INFO - 节点 phytium-desktop 已经迁移过 Pod，检查当前状态
2025-08-02 12:19:20,521 - INFO - 节点 phytium-desktop 已经迁移过 Pod，检查当前状态
2025-08-02 12:19:22,609 - INFO - 节点 phytium-desktop 已经迁移过 Pod，检查当前状态
2025-08-02 12:19:24,692 - INFO - 节点 phytium-desktop 已经迁移过 Pod，检查当前状态
2025-08-02 12:19:26,870 - INFO - 节点 phytium-desktop 已经迁移过 Pod，检查当前状态
2025-08-02 12:19:28,963 - INFO - 节点 phytium-desktop 已经迁移过 Pod，检查当前状态
2025-08-02 12:19:31,045 - INFO - 节点 phytium-desktop 已经迁移过 Pod，检查当前状态
2025-08-02 12:19:33,142 - INFO - 节点 phytium-desktop 已经迁移过 Pod，检查当前状态
2025-08-02 12:19:35,231 - INFO - 节点 phytium-desktop 已经迁移过 Pod，检查当前状态
2025-08-02 12:19:37,334 - INFO - 节点 phytium-desktop 已经迁移过 Pod，检查当前状态
2025-08-02 12:19:39,420 - INFO - 节点 phytium-desktop 已经迁移过 Pod，检查当前状态
2025-08-02 12:19:41,500 - INFO - 节点 phytium-desktop 已经迁移过 Pod，检查当前状态
2025-08-02 12:19:43,619 - INFO - 节点 phytium-desktop 已经迁移过 Pod，检查当前状态
2025-08-02 12:19:45,708 - INFO - 节点 phytium-desktop 已经迁移过 Pod，检查当前状态
2025-08-02 12:19:47,822 - INFO - 节点 phytium-desktop 已经迁移过 Pod，检查当前状态
2025-08-02 12:19:49,907 - INFO - 节点 phytium-desktop 已经迁移过 Pod，检查当前状态
2025-08-02 12:19:49,907 - INFO - 节点 phytium-desktop 状态正常，准备迁回pod!
2025-08-02 12:19:49,950 - INFO - Pod processor-service-765fd7df55-mxfkf 已经迁回到 phytium-desktop
2025-08-02 12:19:49,950 - INFO - 迁移节点 k8s-node-rpi5-2 的 Pod processor-service-765fd7df55-mxfkf
2025-08-02 12:19:49,967 - INFO - Pod processor-service-765fd7df55-mxfkf 已迁移到 {'computing_device': 'compute_node3'}
2025-08-02 12:19:52,021 - INFO - 初始化 Pod processor-service-5f5b4558cd-knjdq 的重启计数为 0
