2025-08-02 00:42:06,557 - INFO - Server start: ws-server!
2025-08-02 00:42:38,205 - INFO - Server start: ws-server!
2025-08-02 00:51:13,319 - INFO - 广播攻击数据{'type': 'attack_detected', 'data': {'node_name': 'ec3', 'status': 'Attack Isolation', 'timestamp': '20250802-005113', 'attack_type': '未知类型攻击', 'severity': 'warning', 'last_updated': '2025-08-02T00:51:13.319157'}}
2025-08-02 01:27:53,994 - INFO - Server start: ws-server!
2025-08-02 01:28:17,866 - INFO - Server start: ws-server!
2025-08-02 01:29:27,437 - INFO - 广播攻击数据{'type': 'attack_detected', 'data': {'node_name': 'phytium-desktop-processor-service-5f5b4558cd-dkh2d', 'status': 'CrashLoopBackOff', 'timestamp': '20250802-012927', 'attack_type': '程序崩溃', 'severity': 'performance', 'last_updated': '2025-08-02T01:29:27.437344'}}
2025-08-02 01:29:27,543 - INFO - 广播攻击数据{'type': 'attack_detected', 'data': {'node_name': 'phytium-desktop-processor-service-5f5b4558cd-dkh2d', 'status': 'Ready', 'timestamp': '20250802-012927', 'attack_type': '已成功恢复', 'severity': 'success', 'last_updated': '2025-08-02T01:29:27.543245'}}
2025-08-02 01:33:53,687 - INFO - 广播攻击数据{'type': 'attack_detected', 'data': {'node_name': 'phytium-desktop-processor-service-5f5b4558cd-dkh2d', 'status': 'CrashLoopBackOff', 'timestamp': '20250802-013353', 'attack_type': '程序崩溃', 'severity': 'performance', 'last_updated': '2025-08-02T01:33:53.687153'}}
2025-08-02 01:33:53,790 - INFO - 广播攻击数据{'type': 'attack_detected', 'data': {'node_name': 'phytium-desktop-processor-service-5f5b4558cd-dkh2d', 'status': 'Ready', 'timestamp': '20250802-013353', 'attack_type': '已成功恢复', 'severity': 'success', 'last_updated': '2025-08-02T01:33:53.790158'}}
2025-08-02 02:03:14,298 - INFO - Server start: ws-server!
2025-08-02 02:12:34,267 - INFO - 广播攻击数据{'type': 'attack_detected', 'data': {'node_name': 'phytium-desktop-processor-service-5f5b4558cd-dkh2d', 'status': 'CrashLoopBackOff', 'timestamp': '20250802-021234', 'attack_type': '程序崩溃', 'severity': 'performance', 'last_updated': '2025-08-02T02:12:34.266879'}}
2025-08-02 02:12:34,373 - INFO - 广播攻击数据{'type': 'attack_detected', 'data': {'node_name': 'phytium-desktop-processor-service-5f5b4558cd-dkh2d', 'status': 'Ready', 'timestamp': '20250802-021234', 'attack_type': '已成功恢复', 'severity': 'success', 'last_updated': '2025-08-02T02:12:34.373076'}}
2025-08-02 02:12:36,061 - INFO - 广播攻击数据{'type': 'attack_detected', 'data': {'node_name': 'ec3', 'status': 'Ready', 'timestamp': '20250802-021235', 'attack_type': '已成功恢复', 'severity': 'success', 'last_updated': '2025-08-02T02:12:36.061654'}}
2025-08-02 02:17:53,308 - INFO - Server start: ws-server!
2025-08-02 02:18:08,728 - INFO - 广播攻击数据{'type': 'attack_detected', 'data': {'node_name': 'ec3', 'status': 'Not Ready', 'timestamp': '20250802-021808', 'attack_type': '未知类型攻击', 'severity': 'warning', 'last_updated': '2025-08-02T02:18:08.728776'}}
2025-08-02 02:22:20,548 - INFO - 广播攻击数据{'type': 'attack_detected', 'data': {'node_name': 'ec3', 'status': 'Ready', 'timestamp': '20250802-022220', 'attack_type': '已成功恢复', 'severity': 'success', 'last_updated': '2025-08-02T02:22:20.548385'}}
2025-08-02 02:27:57,403 - INFO - Server start: ws-server!
2025-08-02 02:31:26,120 - INFO - 广播攻击数据{'type': 'attack_detected', 'data': {'node_name': {}, 'status': {}}}
2025-08-02 02:31:26,278 - INFO - 广播攻击数据{'type': 'attack_detected', 'data': {'node_name': 'ec3', 'status': 'Ready', 'timestamp': '20250802-023126', 'attack_type': '已成功恢复', 'severity': 'success', 'last_updated': '2025-08-02T02:31:26.278266'}}
2025-08-02 02:38:03,350 - INFO - Server start: ws-server!
2025-08-02 02:40:53,551 - INFO - 广播攻击数据{'type': 'attack_detected', 'data': {'node_name': 'attack-simulator', 'status': 'Attack Isolation', 'timestamp': '2025-08-02T02:40:53.551296', 'attack_type': '发生容器逃离', 'severity': 'critical', 'last_updated': '2025-08-02T02:40:53.551304'}}
2025-08-02 02:40:53,774 - INFO - 广播攻击数据{'type': 'attack_detected', 'data': {'node_name': 'ec3', 'status': 'Ready', 'timestamp': '20250802-024053', 'attack_type': '已成功恢复', 'severity': 'success', 'last_updated': '2025-08-02T02:40:53.774460'}}
2025-08-02 02:55:52,661 - INFO - [belt1] result: {'status': 'waiting', 'detect': 0, 'timestamp': None, 'class': '', 'camera_id': 'unknown', 'model_name': 'unknown', 'detections': [], 'perf_info': {}}
2025-08-02 02:55:52,661 - INFO - [belt1] result: {'status': 'waiting', 'detect': 0, 'timestamp': None, 'class': '', 'camera_id': 'unknown', 'model_name': 'unknown', 'detections': [], 'perf_info': {}}
2025-08-02 02:55:58,521 - INFO - [belt1] result: {'status': 'waiting', 'detect': 0, 'timestamp': None, 'class': '', 'camera_id': 'unknown', 'model_name': 'unknown', 'detections': [], 'perf_info': {}}
2025-08-02 02:55:58,521 - INFO - [belt1] result: {'status': 'waiting', 'detect': 0, 'timestamp': None, 'class': '', 'camera_id': 'unknown', 'model_name': 'unknown', 'detections': [], 'perf_info': {}}
2025-08-02 02:56:43,929 - INFO - [belt1] result: {'status': 'waiting', 'detect': 0, 'timestamp': None, 'class': '', 'camera_id': 'unknown', 'model_name': 'unknown', 'detections': [], 'perf_info': {}}
2025-08-02 02:56:43,948 - INFO - [belt1] result: {'status': 'waiting', 'detect': 0, 'timestamp': None, 'class': '', 'camera_id': 'unknown', 'model_name': 'unknown', 'detections': [], 'perf_info': {}}
2025-08-02 02:56:52,496 - INFO - 广播攻击数据{'type': 'attack_detected', 'data': {'node_name': 'ec3', 'status': 'Ready', 'timestamp': '20250802-024053', 'attack_type': '已成功恢复', 'severity': 'success', 'last_updated': '2025-08-02T02:40:53.774460'}}
2025-08-02 02:56:52,505 - INFO - 广播攻击数据{'type': 'attack_detected', 'data': {'node_name': 'ec3', 'status': 'Ready', 'timestamp': '20250802-024053', 'attack_type': '已成功恢复', 'severity': 'success', 'last_updated': '2025-08-02T02:40:53.774460'}}
2025-08-02 02:56:53,742 - INFO - 广播攻击数据{'type': 'attack_detected', 'data': {'node_name': 'ec3', 'status': 'Ready', 'timestamp': '20250802-024053', 'attack_type': '已成功恢复', 'severity': 'success', 'last_updated': '2025-08-02T02:40:53.774460'}}
2025-08-02 02:56:53,748 - INFO - 广播攻击数据{'type': 'attack_detected', 'data': {'node_name': 'ec3', 'status': 'Ready', 'timestamp': '20250802-024053', 'attack_type': '已成功恢复', 'severity': 'success', 'last_updated': '2025-08-02T02:40:53.774460'}}
2025-08-02 02:56:54,993 - INFO - 广播攻击数据{'type': 'attack_detected', 'data': {'node_name': 'ec3', 'status': 'Ready', 'timestamp': '20250802-024053', 'attack_type': '已成功恢复', 'severity': 'success', 'last_updated': '2025-08-02T02:40:53.774460'}}
2025-08-02 02:56:54,995 - INFO - 广播攻击数据{'type': 'attack_detected', 'data': {'node_name': 'ec3', 'status': 'Ready', 'timestamp': '20250802-024053', 'attack_type': '已成功恢复', 'severity': 'success', 'last_updated': '2025-08-02T02:40:53.774460'}}
2025-08-02 02:56:56,165 - INFO - 广播攻击数据{'type': 'attack_detected', 'data': {'node_name': 'ec3', 'status': 'Ready', 'timestamp': '20250802-024053', 'attack_type': '已成功恢复', 'severity': 'success', 'last_updated': '2025-08-02T02:40:53.774460'}}
2025-08-02 02:56:56,168 - INFO - 广播攻击数据{'type': 'attack_detected', 'data': {'node_name': 'ec3', 'status': 'Ready', 'timestamp': '20250802-024053', 'attack_type': '已成功恢复', 'severity': 'success', 'last_updated': '2025-08-02T02:40:53.774460'}}
2025-08-02 02:56:56,172 - INFO - 广播攻击数据{'type': 'attack_detected', 'data': {'node_name': 'ec3', 'status': 'Ready', 'timestamp': '20250802-024053', 'attack_type': '已成功恢复', 'severity': 'success', 'last_updated': '2025-08-02T02:40:53.774460'}}
2025-08-02 02:56:57,353 - INFO - 广播攻击数据{'type': 'attack_detected', 'data': {'node_name': 'ec3', 'status': 'Ready', 'timestamp': '20250802-024053', 'attack_type': '已成功恢复', 'severity': 'success', 'last_updated': '2025-08-02T02:40:53.774460'}}
2025-08-02 02:56:57,356 - INFO - 广播攻击数据{'type': 'attack_detected', 'data': {'node_name': 'ec3', 'status': 'Ready', 'timestamp': '20250802-024053', 'attack_type': '已成功恢复', 'severity': 'success', 'last_updated': '2025-08-02T02:40:53.774460'}}
2025-08-02 02:56:57,359 - INFO - 广播攻击数据{'type': 'attack_detected', 'data': {'node_name': 'ec3', 'status': 'Ready', 'timestamp': '20250802-024053', 'attack_type': '已成功恢复', 'severity': 'success', 'last_updated': '2025-08-02T02:40:53.774460'}}
2025-08-02 02:56:58,555 - INFO - 广播攻击数据{'type': 'attack_detected', 'data': {'node_name': 'ec3', 'status': 'Ready', 'timestamp': '20250802-024053', 'attack_type': '已成功恢复', 'severity': 'success', 'last_updated': '2025-08-02T02:40:53.774460'}}
2025-08-02 02:56:58,559 - INFO - 广播攻击数据{'type': 'attack_detected', 'data': {'node_name': 'ec3', 'status': 'Ready', 'timestamp': '20250802-024053', 'attack_type': '已成功恢复', 'severity': 'success', 'last_updated': '2025-08-02T02:40:53.774460'}}
2025-08-02 02:56:58,563 - INFO - 广播攻击数据{'type': 'attack_detected', 'data': {'node_name': 'ec3', 'status': 'Ready', 'timestamp': '20250802-024053', 'attack_type': '已成功恢复', 'severity': 'success', 'last_updated': '2025-08-02T02:40:53.774460'}}
2025-08-02 02:56:59,734 - INFO - 广播攻击数据{'type': 'attack_detected', 'data': {'node_name': 'ec3', 'status': 'Ready', 'timestamp': '20250802-024053', 'attack_type': '已成功恢复', 'severity': 'success', 'last_updated': '2025-08-02T02:40:53.774460'}}
2025-08-02 02:56:59,738 - INFO - 广播攻击数据{'type': 'attack_detected', 'data': {'node_name': 'ec3', 'status': 'Ready', 'timestamp': '20250802-024053', 'attack_type': '已成功恢复', 'severity': 'success', 'last_updated': '2025-08-02T02:40:53.774460'}}
2025-08-02 02:56:59,742 - INFO - 广播攻击数据{'type': 'attack_detected', 'data': {'node_name': 'ec3', 'status': 'Ready', 'timestamp': '20250802-024053', 'attack_type': '已成功恢复', 'severity': 'success', 'last_updated': '2025-08-02T02:40:53.774460'}}
2025-08-02 02:57:00,921 - INFO - 广播攻击数据{'type': 'attack_detected', 'data': {'node_name': 'ec3', 'status': 'Ready', 'timestamp': '20250802-024053', 'attack_type': '已成功恢复', 'severity': 'success', 'last_updated': '2025-08-02T02:40:53.774460'}}
2025-08-02 02:57:00,925 - INFO - 广播攻击数据{'type': 'attack_detected', 'data': {'node_name': 'ec3', 'status': 'Ready', 'timestamp': '20250802-024053', 'attack_type': '已成功恢复', 'severity': 'success', 'last_updated': '2025-08-02T02:40:53.774460'}}
2025-08-02 02:57:00,927 - INFO - 广播攻击数据{'type': 'attack_detected', 'data': {'node_name': 'ec3', 'status': 'Ready', 'timestamp': '20250802-024053', 'attack_type': '已成功恢复', 'severity': 'success', 'last_updated': '2025-08-02T02:40:53.774460'}}
2025-08-02 02:57:02,080 - INFO - 广播攻击数据{'type': 'attack_detected', 'data': {'node_name': 'ec3', 'status': 'Ready', 'timestamp': '20250802-024053', 'attack_type': '已成功恢复', 'severity': 'success', 'last_updated': '2025-08-02T02:40:53.774460'}}
2025-08-02 02:57:02,083 - INFO - 广播攻击数据{'type': 'attack_detected', 'data': {'node_name': 'ec3', 'status': 'Ready', 'timestamp': '20250802-024053', 'attack_type': '已成功恢复', 'severity': 'success', 'last_updated': '2025-08-02T02:40:53.774460'}}
2025-08-02 02:57:02,086 - INFO - 广播攻击数据{'type': 'attack_detected', 'data': {'node_name': 'ec3', 'status': 'Ready', 'timestamp': '20250802-024053', 'attack_type': '已成功恢复', 'severity': 'success', 'last_updated': '2025-08-02T02:40:53.774460'}}
2025-08-02 02:57:03,288 - INFO - 广播攻击数据{'type': 'attack_detected', 'data': {'node_name': 'ec3', 'status': 'Ready', 'timestamp': '20250802-024053', 'attack_type': '已成功恢复', 'severity': 'success', 'last_updated': '2025-08-02T02:40:53.774460'}}
2025-08-02 02:57:03,291 - INFO - 广播攻击数据{'type': 'attack_detected', 'data': {'node_name': 'ec3', 'status': 'Ready', 'timestamp': '20250802-024053', 'attack_type': '已成功恢复', 'severity': 'success', 'last_updated': '2025-08-02T02:40:53.774460'}}
2025-08-02 02:57:03,294 - INFO - 广播攻击数据{'type': 'attack_detected', 'data': {'node_name': 'ec3', 'status': 'Ready', 'timestamp': '20250802-024053', 'attack_type': '已成功恢复', 'severity': 'success', 'last_updated': '2025-08-02T02:40:53.774460'}}
2025-08-02 02:57:04,614 - INFO - 广播攻击数据{'type': 'attack_detected', 'data': {'node_name': 'ec3', 'status': 'Ready', 'timestamp': '20250802-024053', 'attack_type': '已成功恢复', 'severity': 'success', 'last_updated': '2025-08-02T02:40:53.774460'}}
2025-08-02 02:57:04,617 - INFO - 广播攻击数据{'type': 'attack_detected', 'data': {'node_name': 'ec3', 'status': 'Ready', 'timestamp': '20250802-024053', 'attack_type': '已成功恢复', 'severity': 'success', 'last_updated': '2025-08-02T02:40:53.774460'}}
2025-08-02 02:57:04,622 - INFO - 广播攻击数据{'type': 'attack_detected', 'data': {'node_name': 'ec3', 'status': 'Ready', 'timestamp': '20250802-024053', 'attack_type': '已成功恢复', 'severity': 'success', 'last_updated': '2025-08-02T02:40:53.774460'}}
2025-08-02 02:57:05,778 - INFO - 广播攻击数据{'type': 'attack_detected', 'data': {'node_name': 'ec3', 'status': 'Ready', 'timestamp': '20250802-024053', 'attack_type': '已成功恢复', 'severity': 'success', 'last_updated': '2025-08-02T02:40:53.774460'}}
2025-08-02 02:57:05,781 - INFO - 广播攻击数据{'type': 'attack_detected', 'data': {'node_name': 'ec3', 'status': 'Ready', 'timestamp': '20250802-024053', 'attack_type': '已成功恢复', 'severity': 'success', 'last_updated': '2025-08-02T02:40:53.774460'}}
2025-08-02 02:57:05,791 - INFO - 广播攻击数据{'type': 'attack_detected', 'data': {'node_name': 'ec3', 'status': 'Ready', 'timestamp': '20250802-024053', 'attack_type': '已成功恢复', 'severity': 'success', 'last_updated': '2025-08-02T02:40:53.774460'}}
2025-08-02 02:57:06,962 - INFO - 广播攻击数据{'type': 'attack_detected', 'data': {'node_name': 'ec3', 'status': 'Ready', 'timestamp': '20250802-024053', 'attack_type': '已成功恢复', 'severity': 'success', 'last_updated': '2025-08-02T02:40:53.774460'}}
2025-08-02 02:57:06,966 - INFO - 广播攻击数据{'type': 'attack_detected', 'data': {'node_name': 'ec3', 'status': 'Ready', 'timestamp': '20250802-024053', 'attack_type': '已成功恢复', 'severity': 'success', 'last_updated': '2025-08-02T02:40:53.774460'}}
2025-08-02 02:57:06,969 - INFO - 广播攻击数据{'type': 'attack_detected', 'data': {'node_name': 'ec3', 'status': 'Ready', 'timestamp': '20250802-024053', 'attack_type': '已成功恢复', 'severity': 'success', 'last_updated': '2025-08-02T02:40:53.774460'}}
2025-08-02 02:57:08,167 - INFO - 广播攻击数据{'type': 'attack_detected', 'data': {'node_name': 'ec3', 'status': 'Ready', 'timestamp': '20250802-024053', 'attack_type': '已成功恢复', 'severity': 'success', 'last_updated': '2025-08-02T02:40:53.774460'}}
2025-08-02 02:57:08,169 - INFO - 广播攻击数据{'type': 'attack_detected', 'data': {'node_name': 'ec3', 'status': 'Ready', 'timestamp': '20250802-024053', 'attack_type': '已成功恢复', 'severity': 'success', 'last_updated': '2025-08-02T02:40:53.774460'}}
2025-08-02 02:57:08,173 - INFO - 广播攻击数据{'type': 'attack_detected', 'data': {'node_name': 'ec3', 'status': 'Ready', 'timestamp': '20250802-024053', 'attack_type': '已成功恢复', 'severity': 'success', 'last_updated': '2025-08-02T02:40:53.774460'}}
2025-08-02 02:57:09,346 - INFO - 广播攻击数据{'type': 'attack_detected', 'data': {'node_name': 'ec3', 'status': 'Ready', 'timestamp': '20250802-024053', 'attack_type': '已成功恢复', 'severity': 'success', 'last_updated': '2025-08-02T02:40:53.774460'}}
2025-08-02 02:57:09,350 - INFO - 广播攻击数据{'type': 'attack_detected', 'data': {'node_name': 'ec3', 'status': 'Ready', 'timestamp': '20250802-024053', 'attack_type': '已成功恢复', 'severity': 'success', 'last_updated': '2025-08-02T02:40:53.774460'}}
2025-08-02 02:57:09,353 - INFO - 广播攻击数据{'type': 'attack_detected', 'data': {'node_name': 'ec3', 'status': 'Ready', 'timestamp': '20250802-024053', 'attack_type': '已成功恢复', 'severity': 'success', 'last_updated': '2025-08-02T02:40:53.774460'}}
2025-08-02 02:57:10,567 - INFO - 广播攻击数据{'type': 'attack_detected', 'data': {'node_name': 'ec3', 'status': 'Ready', 'timestamp': '20250802-024053', 'attack_type': '已成功恢复', 'severity': 'success', 'last_updated': '2025-08-02T02:40:53.774460'}}
2025-08-02 02:57:10,571 - INFO - 广播攻击数据{'type': 'attack_detected', 'data': {'node_name': 'ec3', 'status': 'Ready', 'timestamp': '20250802-024053', 'attack_type': '已成功恢复', 'severity': 'success', 'last_updated': '2025-08-02T02:40:53.774460'}}
2025-08-02 02:57:10,574 - INFO - 广播攻击数据{'type': 'attack_detected', 'data': {'node_name': 'ec3', 'status': 'Ready', 'timestamp': '20250802-024053', 'attack_type': '已成功恢复', 'severity': 'success', 'last_updated': '2025-08-02T02:40:53.774460'}}
2025-08-02 02:57:11,761 - INFO - 广播攻击数据{'type': 'attack_detected', 'data': {'node_name': 'ec3', 'status': 'Ready', 'timestamp': '20250802-024053', 'attack_type': '已成功恢复', 'severity': 'success', 'last_updated': '2025-08-02T02:40:53.774460'}}
2025-08-02 02:57:11,764 - INFO - 广播攻击数据{'type': 'attack_detected', 'data': {'node_name': 'ec3', 'status': 'Ready', 'timestamp': '20250802-024053', 'attack_type': '已成功恢复', 'severity': 'success', 'last_updated': '2025-08-02T02:40:53.774460'}}
2025-08-02 02:57:11,767 - INFO - 广播攻击数据{'type': 'attack_detected', 'data': {'node_name': 'ec3', 'status': 'Ready', 'timestamp': '20250802-024053', 'attack_type': '已成功恢复', 'severity': 'success', 'last_updated': '2025-08-02T02:40:53.774460'}}
2025-08-02 02:57:13,025 - INFO - 广播攻击数据{'type': 'attack_detected', 'data': {'node_name': 'ec3', 'status': 'Ready', 'timestamp': '20250802-024053', 'attack_type': '已成功恢复', 'severity': 'success', 'last_updated': '2025-08-02T02:40:53.774460'}}
2025-08-02 02:57:13,028 - INFO - 广播攻击数据{'type': 'attack_detected', 'data': {'node_name': 'ec3', 'status': 'Ready', 'timestamp': '20250802-024053', 'attack_type': '已成功恢复', 'severity': 'success', 'last_updated': '2025-08-02T02:40:53.774460'}}
2025-08-02 02:57:13,031 - INFO - 广播攻击数据{'type': 'attack_detected', 'data': {'node_name': 'ec3', 'status': 'Ready', 'timestamp': '20250802-024053', 'attack_type': '已成功恢复', 'severity': 'success', 'last_updated': '2025-08-02T02:40:53.774460'}}
2025-08-02 02:57:14,195 - INFO - 广播攻击数据{'type': 'attack_detected', 'data': {'node_name': 'ec3', 'status': 'Ready', 'timestamp': '20250802-024053', 'attack_type': '已成功恢复', 'severity': 'success', 'last_updated': '2025-08-02T02:40:53.774460'}}
2025-08-02 02:57:14,201 - INFO - 广播攻击数据{'type': 'attack_detected', 'data': {'node_name': 'ec3', 'status': 'Ready', 'timestamp': '20250802-024053', 'attack_type': '已成功恢复', 'severity': 'success', 'last_updated': '2025-08-02T02:40:53.774460'}}
2025-08-02 02:57:14,204 - INFO - 广播攻击数据{'type': 'attack_detected', 'data': {'node_name': 'ec3', 'status': 'Ready', 'timestamp': '20250802-024053', 'attack_type': '已成功恢复', 'severity': 'success', 'last_updated': '2025-08-02T02:40:53.774460'}}
2025-08-02 02:57:15,378 - INFO - 广播攻击数据{'type': 'attack_detected', 'data': {'node_name': 'ec3', 'status': 'Ready', 'timestamp': '20250802-024053', 'attack_type': '已成功恢复', 'severity': 'success', 'last_updated': '2025-08-02T02:40:53.774460'}}
2025-08-02 02:57:15,383 - INFO - 广播攻击数据{'type': 'attack_detected', 'data': {'node_name': 'ec3', 'status': 'Ready', 'timestamp': '20250802-024053', 'attack_type': '已成功恢复', 'severity': 'success', 'last_updated': '2025-08-02T02:40:53.774460'}}
2025-08-02 02:57:15,386 - INFO - 广播攻击数据{'type': 'attack_detected', 'data': {'node_name': 'ec3', 'status': 'Ready', 'timestamp': '20250802-024053', 'attack_type': '已成功恢复', 'severity': 'success', 'last_updated': '2025-08-02T02:40:53.774460'}}
2025-08-02 02:57:16,556 - INFO - 广播攻击数据{'type': 'attack_detected', 'data': {'node_name': 'ec3', 'status': 'Ready', 'timestamp': '20250802-024053', 'attack_type': '已成功恢复', 'severity': 'success', 'last_updated': '2025-08-02T02:40:53.774460'}}
2025-08-02 02:57:16,562 - INFO - 广播攻击数据{'type': 'attack_detected', 'data': {'node_name': 'ec3', 'status': 'Ready', 'timestamp': '20250802-024053', 'attack_type': '已成功恢复', 'severity': 'success', 'last_updated': '2025-08-02T02:40:53.774460'}}
2025-08-02 02:57:16,565 - INFO - 广播攻击数据{'type': 'attack_detected', 'data': {'node_name': 'ec3', 'status': 'Ready', 'timestamp': '20250802-024053', 'attack_type': '已成功恢复', 'severity': 'success', 'last_updated': '2025-08-02T02:40:53.774460'}}
2025-08-02 02:57:17,734 - INFO - 广播攻击数据{'type': 'attack_detected', 'data': {'node_name': 'ec3', 'status': 'Ready', 'timestamp': '20250802-024053', 'attack_type': '已成功恢复', 'severity': 'success', 'last_updated': '2025-08-02T02:40:53.774460'}}
2025-08-02 02:57:17,737 - INFO - 广播攻击数据{'type': 'attack_detected', 'data': {'node_name': 'ec3', 'status': 'Ready', 'timestamp': '20250802-024053', 'attack_type': '已成功恢复', 'severity': 'success', 'last_updated': '2025-08-02T02:40:53.774460'}}
2025-08-02 02:57:17,739 - INFO - 广播攻击数据{'type': 'attack_detected', 'data': {'node_name': 'ec3', 'status': 'Ready', 'timestamp': '20250802-024053', 'attack_type': '已成功恢复', 'severity': 'success', 'last_updated': '2025-08-02T02:40:53.774460'}}
2025-08-02 02:57:18,946 - INFO - 广播攻击数据{'type': 'attack_detected', 'data': {'node_name': 'ec3', 'status': 'Ready', 'timestamp': '20250802-024053', 'attack_type': '已成功恢复', 'severity': 'success', 'last_updated': '2025-08-02T02:40:53.774460'}}
2025-08-02 02:57:18,952 - INFO - 广播攻击数据{'type': 'attack_detected', 'data': {'node_name': 'ec3', 'status': 'Ready', 'timestamp': '20250802-024053', 'attack_type': '已成功恢复', 'severity': 'success', 'last_updated': '2025-08-02T02:40:53.774460'}}
2025-08-02 02:57:18,956 - INFO - 广播攻击数据{'type': 'attack_detected', 'data': {'node_name': 'ec3', 'status': 'Ready', 'timestamp': '20250802-024053', 'attack_type': '已成功恢复', 'severity': 'success', 'last_updated': '2025-08-02T02:40:53.774460'}}
2025-08-02 02:57:20,129 - INFO - 广播攻击数据{'type': 'attack_detected', 'data': {'node_name': 'ec3', 'status': 'Ready', 'timestamp': '20250802-024053', 'attack_type': '已成功恢复', 'severity': 'success', 'last_updated': '2025-08-02T02:40:53.774460'}}
2025-08-02 02:57:20,133 - INFO - 广播攻击数据{'type': 'attack_detected', 'data': {'node_name': 'ec3', 'status': 'Ready', 'timestamp': '20250802-024053', 'attack_type': '已成功恢复', 'severity': 'success', 'last_updated': '2025-08-02T02:40:53.774460'}}
2025-08-02 02:57:20,136 - INFO - 广播攻击数据{'type': 'attack_detected', 'data': {'node_name': 'ec3', 'status': 'Ready', 'timestamp': '20250802-024053', 'attack_type': '已成功恢复', 'severity': 'success', 'last_updated': '2025-08-02T02:40:53.774460'}}
2025-08-02 02:57:21,316 - INFO - 广播攻击数据{'type': 'attack_detected', 'data': {'node_name': 'ec3', 'status': 'Ready', 'timestamp': '20250802-024053', 'attack_type': '已成功恢复', 'severity': 'success', 'last_updated': '2025-08-02T02:40:53.774460'}}
2025-08-02 02:57:21,319 - INFO - 广播攻击数据{'type': 'attack_detected', 'data': {'node_name': 'ec3', 'status': 'Ready', 'timestamp': '20250802-024053', 'attack_type': '已成功恢复', 'severity': 'success', 'last_updated': '2025-08-02T02:40:53.774460'}}
2025-08-02 02:57:21,322 - INFO - 广播攻击数据{'type': 'attack_detected', 'data': {'node_name': 'ec3', 'status': 'Ready', 'timestamp': '20250802-024053', 'attack_type': '已成功恢复', 'severity': 'success', 'last_updated': '2025-08-02T02:40:53.774460'}}
2025-08-02 02:57:22,501 - INFO - 广播攻击数据{'type': 'attack_detected', 'data': {'node_name': 'ec3', 'status': 'Ready', 'timestamp': '20250802-024053', 'attack_type': '已成功恢复', 'severity': 'success', 'last_updated': '2025-08-02T02:40:53.774460'}}
2025-08-02 02:57:22,504 - INFO - 广播攻击数据{'type': 'attack_detected', 'data': {'node_name': 'ec3', 'status': 'Ready', 'timestamp': '20250802-024053', 'attack_type': '已成功恢复', 'severity': 'success', 'last_updated': '2025-08-02T02:40:53.774460'}}
2025-08-02 02:57:22,509 - INFO - 广播攻击数据{'type': 'attack_detected', 'data': {'node_name': 'ec3', 'status': 'Ready', 'timestamp': '20250802-024053', 'attack_type': '已成功恢复', 'severity': 'success', 'last_updated': '2025-08-02T02:40:53.774460'}}
2025-08-02 02:57:23,696 - INFO - 广播攻击数据{'type': 'attack_detected', 'data': {'node_name': 'ec3', 'status': 'Ready', 'timestamp': '20250802-024053', 'attack_type': '已成功恢复', 'severity': 'success', 'last_updated': '2025-08-02T02:40:53.774460'}}
2025-08-02 02:57:23,699 - INFO - 广播攻击数据{'type': 'attack_detected', 'data': {'node_name': 'ec3', 'status': 'Ready', 'timestamp': '20250802-024053', 'attack_type': '已成功恢复', 'severity': 'success', 'last_updated': '2025-08-02T02:40:53.774460'}}
2025-08-02 02:57:23,711 - INFO - 广播攻击数据{'type': 'attack_detected', 'data': {'node_name': 'ec3', 'status': 'Ready', 'timestamp': '20250802-024053', 'attack_type': '已成功恢复', 'severity': 'success', 'last_updated': '2025-08-02T02:40:53.774460'}}
2025-08-02 02:57:24,868 - INFO - 广播攻击数据{'type': 'attack_detected', 'data': {'node_name': 'ec3', 'status': 'Ready', 'timestamp': '20250802-024053', 'attack_type': '已成功恢复', 'severity': 'success', 'last_updated': '2025-08-02T02:40:53.774460'}}
2025-08-02 02:57:24,872 - INFO - 广播攻击数据{'type': 'attack_detected', 'data': {'node_name': 'ec3', 'status': 'Ready', 'timestamp': '20250802-024053', 'attack_type': '已成功恢复', 'severity': 'success', 'last_updated': '2025-08-02T02:40:53.774460'}}
2025-08-02 02:57:24,875 - INFO - 广播攻击数据{'type': 'attack_detected', 'data': {'node_name': 'ec3', 'status': 'Ready', 'timestamp': '20250802-024053', 'attack_type': '已成功恢复', 'severity': 'success', 'last_updated': '2025-08-02T02:40:53.774460'}}
2025-08-02 02:57:26,034 - INFO - 广播攻击数据{'type': 'attack_detected', 'data': {'node_name': 'ec3', 'status': 'Ready', 'timestamp': '20250802-024053', 'attack_type': '已成功恢复', 'severity': 'success', 'last_updated': '2025-08-02T02:40:53.774460'}}
2025-08-02 02:57:26,038 - INFO - 广播攻击数据{'type': 'attack_detected', 'data': {'node_name': 'ec3', 'status': 'Ready', 'timestamp': '20250802-024053', 'attack_type': '已成功恢复', 'severity': 'success', 'last_updated': '2025-08-02T02:40:53.774460'}}
2025-08-02 02:57:26,044 - INFO - 广播攻击数据{'type': 'attack_detected', 'data': {'node_name': 'ec3', 'status': 'Ready', 'timestamp': '20250802-024053', 'attack_type': '已成功恢复', 'severity': 'success', 'last_updated': '2025-08-02T02:40:53.774460'}}
2025-08-02 02:57:27,225 - INFO - 广播攻击数据{'type': 'attack_detected', 'data': {'node_name': 'ec3', 'status': 'Ready', 'timestamp': '20250802-024053', 'attack_type': '已成功恢复', 'severity': 'success', 'last_updated': '2025-08-02T02:40:53.774460'}}
2025-08-02 02:57:27,228 - INFO - 广播攻击数据{'type': 'attack_detected', 'data': {'node_name': 'ec3', 'status': 'Ready', 'timestamp': '20250802-024053', 'attack_type': '已成功恢复', 'severity': 'success', 'last_updated': '2025-08-02T02:40:53.774460'}}
2025-08-02 02:57:27,231 - INFO - 广播攻击数据{'type': 'attack_detected', 'data': {'node_name': 'ec3', 'status': 'Ready', 'timestamp': '20250802-024053', 'attack_type': '已成功恢复', 'severity': 'success', 'last_updated': '2025-08-02T02:40:53.774460'}}
2025-08-02 02:57:28,384 - INFO - 广播攻击数据{'type': 'attack_detected', 'data': {'node_name': 'ec3', 'status': 'Ready', 'timestamp': '20250802-024053', 'attack_type': '已成功恢复', 'severity': 'success', 'last_updated': '2025-08-02T02:40:53.774460'}}
2025-08-02 02:57:28,388 - INFO - 广播攻击数据{'type': 'attack_detected', 'data': {'node_name': 'ec3', 'status': 'Ready', 'timestamp': '20250802-024053', 'attack_type': '已成功恢复', 'severity': 'success', 'last_updated': '2025-08-02T02:40:53.774460'}}
2025-08-02 02:57:28,390 - INFO - 广播攻击数据{'type': 'attack_detected', 'data': {'node_name': 'ec3', 'status': 'Ready', 'timestamp': '20250802-024053', 'attack_type': '已成功恢复', 'severity': 'success', 'last_updated': '2025-08-02T02:40:53.774460'}}
2025-08-02 02:57:29,586 - INFO - 广播攻击数据{'type': 'attack_detected', 'data': {'node_name': 'ec3', 'status': 'Ready', 'timestamp': '20250802-024053', 'attack_type': '已成功恢复', 'severity': 'success', 'last_updated': '2025-08-02T02:40:53.774460'}}
2025-08-02 02:57:29,590 - INFO - 广播攻击数据{'type': 'attack_detected', 'data': {'node_name': 'ec3', 'status': 'Ready', 'timestamp': '20250802-024053', 'attack_type': '已成功恢复', 'severity': 'success', 'last_updated': '2025-08-02T02:40:53.774460'}}
2025-08-02 02:57:29,592 - INFO - 广播攻击数据{'type': 'attack_detected', 'data': {'node_name': 'ec3', 'status': 'Ready', 'timestamp': '20250802-024053', 'attack_type': '已成功恢复', 'severity': 'success', 'last_updated': '2025-08-02T02:40:53.774460'}}
2025-08-02 02:57:30,794 - INFO - 广播攻击数据{'type': 'attack_detected', 'data': {'node_name': 'ec3', 'status': 'Ready', 'timestamp': '20250802-024053', 'attack_type': '已成功恢复', 'severity': 'success', 'last_updated': '2025-08-02T02:40:53.774460'}}
2025-08-02 02:57:30,798 - INFO - 广播攻击数据{'type': 'attack_detected', 'data': {'node_name': 'ec3', 'status': 'Ready', 'timestamp': '20250802-024053', 'attack_type': '已成功恢复', 'severity': 'success', 'last_updated': '2025-08-02T02:40:53.774460'}}
2025-08-02 02:57:30,801 - INFO - 广播攻击数据{'type': 'attack_detected', 'data': {'node_name': 'ec3', 'status': 'Ready', 'timestamp': '20250802-024053', 'attack_type': '已成功恢复', 'severity': 'success', 'last_updated': '2025-08-02T02:40:53.774460'}}
2025-08-02 02:57:31,993 - INFO - 广播攻击数据{'type': 'attack_detected', 'data': {'node_name': 'ec3', 'status': 'Ready', 'timestamp': '20250802-024053', 'attack_type': '已成功恢复', 'severity': 'success', 'last_updated': '2025-08-02T02:40:53.774460'}}
2025-08-02 02:57:31,997 - INFO - 广播攻击数据{'type': 'attack_detected', 'data': {'node_name': 'ec3', 'status': 'Ready', 'timestamp': '20250802-024053', 'attack_type': '已成功恢复', 'severity': 'success', 'last_updated': '2025-08-02T02:40:53.774460'}}
2025-08-02 02:57:32,006 - INFO - 广播攻击数据{'type': 'attack_detected', 'data': {'node_name': 'ec3', 'status': 'Ready', 'timestamp': '20250802-024053', 'attack_type': '已成功恢复', 'severity': 'success', 'last_updated': '2025-08-02T02:40:53.774460'}}
2025-08-02 02:57:33,180 - INFO - 广播攻击数据{'type': 'attack_detected', 'data': {'node_name': 'ec3', 'status': 'Ready', 'timestamp': '20250802-024053', 'attack_type': '已成功恢复', 'severity': 'success', 'last_updated': '2025-08-02T02:40:53.774460'}}
2025-08-02 02:57:33,183 - INFO - 广播攻击数据{'type': 'attack_detected', 'data': {'node_name': 'ec3', 'status': 'Ready', 'timestamp': '20250802-024053', 'attack_type': '已成功恢复', 'severity': 'success', 'last_updated': '2025-08-02T02:40:53.774460'}}
2025-08-02 02:57:33,186 - INFO - 广播攻击数据{'type': 'attack_detected', 'data': {'node_name': 'ec3', 'status': 'Ready', 'timestamp': '20250802-024053', 'attack_type': '已成功恢复', 'severity': 'success', 'last_updated': '2025-08-02T02:40:53.774460'}}
2025-08-02 02:57:34,348 - INFO - 广播攻击数据{'type': 'attack_detected', 'data': {'node_name': 'ec3', 'status': 'Ready', 'timestamp': '20250802-024053', 'attack_type': '已成功恢复', 'severity': 'success', 'last_updated': '2025-08-02T02:40:53.774460'}}
2025-08-02 02:57:34,352 - INFO - 广播攻击数据{'type': 'attack_detected', 'data': {'node_name': 'ec3', 'status': 'Ready', 'timestamp': '20250802-024053', 'attack_type': '已成功恢复', 'severity': 'success', 'last_updated': '2025-08-02T02:40:53.774460'}}
2025-08-02 02:57:34,361 - INFO - 广播攻击数据{'type': 'attack_detected', 'data': {'node_name': 'ec3', 'status': 'Ready', 'timestamp': '20250802-024053', 'attack_type': '已成功恢复', 'severity': 'success', 'last_updated': '2025-08-02T02:40:53.774460'}}
2025-08-02 02:57:35,516 - INFO - 广播攻击数据{'type': 'attack_detected', 'data': {'node_name': 'ec3', 'status': 'Ready', 'timestamp': '20250802-024053', 'attack_type': '已成功恢复', 'severity': 'success', 'last_updated': '2025-08-02T02:40:53.774460'}}
2025-08-02 02:57:35,520 - INFO - 广播攻击数据{'type': 'attack_detected', 'data': {'node_name': 'ec3', 'status': 'Ready', 'timestamp': '20250802-024053', 'attack_type': '已成功恢复', 'severity': 'success', 'last_updated': '2025-08-02T02:40:53.774460'}}
2025-08-02 02:57:35,522 - INFO - 广播攻击数据{'type': 'attack_detected', 'data': {'node_name': 'ec3', 'status': 'Ready', 'timestamp': '20250802-024053', 'attack_type': '已成功恢复', 'severity': 'success', 'last_updated': '2025-08-02T02:40:53.774460'}}
2025-08-02 02:57:36,729 - INFO - 广播攻击数据{'type': 'attack_detected', 'data': {'node_name': 'ec3', 'status': 'Ready', 'timestamp': '20250802-024053', 'attack_type': '已成功恢复', 'severity': 'success', 'last_updated': '2025-08-02T02:40:53.774460'}}
2025-08-02 02:57:36,731 - INFO - 广播攻击数据{'type': 'attack_detected', 'data': {'node_name': 'ec3', 'status': 'Ready', 'timestamp': '20250802-024053', 'attack_type': '已成功恢复', 'severity': 'success', 'last_updated': '2025-08-02T02:40:53.774460'}}
2025-08-02 02:57:37,892 - INFO - 广播攻击数据{'type': 'attack_detected', 'data': {'node_name': 'ec3', 'status': 'Ready', 'timestamp': '20250802-024053', 'attack_type': '已成功恢复', 'severity': 'success', 'last_updated': '2025-08-02T02:40:53.774460'}}
2025-08-02 03:00:18,022 - INFO - [belt1] result: {'status': 'waiting', 'detect': 0, 'timestamp': None, 'class': '', 'camera_id': 'unknown', 'model_name': 'unknown', 'detections': [], 'perf_info': {}}
2025-08-02 03:00:18,023 - INFO - [belt1] result: {'status': 'waiting', 'detect': 0, 'timestamp': None, 'class': '', 'camera_id': 'unknown', 'model_name': 'unknown', 'detections': [], 'perf_info': {}}
2025-08-02 03:00:25,437 - INFO - [belt1] result: {'status': 'waiting', 'detect': 0, 'timestamp': None, 'class': '', 'camera_id': 'unknown', 'model_name': 'unknown', 'detections': [], 'perf_info': {}}
2025-08-02 03:00:25,440 - INFO - [belt1] result: {'status': 'waiting', 'detect': 0, 'timestamp': None, 'class': '', 'camera_id': 'unknown', 'model_name': 'unknown', 'detections': [], 'perf_info': {}}
2025-08-02 10:06:58,113 - INFO - Server start: ws-server!
2025-08-02 10:08:01,891 - INFO - [belt1] result: {'status': 'success', 'detect': 1, 'timestamp': '2025-08-01T20:25:02.883', 'class': 'bruise', 'camera_id': 'camera-0', 'model_name': 'v5lite_s', 'detections': [{'class': 'bruise', 'confidence': 0.33718532460170175, 'bbox': [622, 74, 17, 64]}], 'perf_info': {'model_name': 'v5lite_s', 'total_time': 0.05542778968811035, 'inference_time': 0.022861003875732422, 'preprocess_time': 0.0013997554779052734, 'postprocess_time': 0.02956533432006836, 'fps': 18.575963718820862, 'cpu_usage': 0.245, 'use_large_model': True}}
2025-08-02 10:08:46,023 - INFO - [belt1] result: {'status': 'success', 'detect': 1, 'timestamp': '2025-08-01T20:25:46.923', 'class': 'bruise', 'camera_id': 'camera-0', 'model_name': 'v5lite_s', 'detections': [{'class': 'bruise', 'confidence': 0.27910581753316566, 'bbox': [624, 67, 15, 71]}], 'perf_info': {'model_name': 'v5lite_s', 'total_time': 0.05525350570678711, 'inference_time': 0.023024559020996094, 'preprocess_time': 0.0014846324920654297, 'postprocess_time': 0.029354095458984375, 'fps': 18.563302736051977, 'cpu_usage': 0.23600000000000002, 'use_large_model': True}}
2025-08-02 10:08:53,415 - INFO - [belt1] result: {'status': 'success', 'detect': 0, 'timestamp': '2025-08-01T20:25:54.332', 'class': '', 'camera_id': 'camera-0', 'model_name': 'v5lite_s', 'detections': [], 'perf_info': {'model_name': 'v5lite_s', 'total_time': 0.05599093437194824, 'inference_time': 0.023519039154052734, 'preprocess_time': 0.0014431476593017578, 'postprocess_time': 0.02964043617248535, 'fps': 18.31205958628398, 'cpu_usage': 0.251, 'use_large_model': True}}
2025-08-02 10:08:53,421 - INFO - [belt1] result: {'status': 'success', 'detect': 0, 'timestamp': '2025-08-01T20:25:54.332', 'class': '', 'camera_id': 'camera-0', 'model_name': 'v5lite_s', 'detections': [], 'perf_info': {'model_name': 'v5lite_s', 'total_time': 0.05599093437194824, 'inference_time': 0.023519039154052734, 'preprocess_time': 0.0014431476593017578, 'postprocess_time': 0.02964043617248535, 'fps': 18.31205958628398, 'cpu_usage': 0.251, 'use_large_model': True}}
2025-08-02 10:09:19,748 - INFO - [belt1] result: {'status': 'success', 'detect': 1, 'timestamp': '2025-08-01T20:26:20.685', 'class': 'bruise', 'camera_id': 'camera-0', 'model_name': 'v5lite_s', 'detections': [{'class': 'bruise', 'confidence': 0.3674238915995398, 'bbox': [624, 65, 15, 74]}], 'perf_info': {'model_name': 'v5lite_s', 'total_time': 0.0593714714050293, 'inference_time': 0.027785778045654297, 'preprocess_time': 0.0015773773193359375, 'postprocess_time': 0.028765201568603516, 'fps': 17.201825869769387, 'cpu_usage': 0.303, 'use_large_model': True}}
2025-08-02 10:09:19,750 - INFO - [belt1] result: {'status': 'success', 'detect': 1, 'timestamp': '2025-08-01T20:26:20.685', 'class': 'bruise', 'camera_id': 'camera-0', 'model_name': 'v5lite_s', 'detections': [{'class': 'bruise', 'confidence': 0.3674238915995398, 'bbox': [624, 65, 15, 74]}], 'perf_info': {'model_name': 'v5lite_s', 'total_time': 0.0593714714050293, 'inference_time': 0.027785778045654297, 'preprocess_time': 0.0015773773193359375, 'postprocess_time': 0.028765201568603516, 'fps': 17.201825869769387, 'cpu_usage': 0.303, 'use_large_model': True}}
2025-08-02 10:10:01,327 - INFO - [belt1] result: {'status': 'success', 'detect': 1, 'timestamp': '2025-08-01T20:27:02.278', 'class': 'bruise', 'camera_id': 'camera-0', 'model_name': 'v5lite_s', 'detections': [{'class': 'bruise', 'confidence': 0.2937370756069044, 'bbox': [623, 60, 16, 70]}], 'perf_info': {'model_name': 'v5lite_s', 'total_time': 0.05446672439575195, 'inference_time': 0.022612333297729492, 'preprocess_time': 0.001476287841796875, 'postprocess_time': 0.02914142608642578, 'fps': 18.784615109009156, 'cpu_usage': 0.23399999999999999, 'use_large_model': True}}
2025-08-02 10:10:21,158 - INFO - [belt1] result: {'status': 'success', 'detect': 0, 'timestamp': '2025-08-01T20:27:22.105', 'class': '', 'camera_id': 'camera-0', 'model_name': 'v5lite_s', 'detections': [], 'perf_info': {'model_name': 'v5lite_s', 'total_time': 0.0533597469329834, 'inference_time': 0.02239823341369629, 'preprocess_time': 0.001703500747680664, 'postprocess_time': 0.0288083553314209, 'fps': 18.89794318412219, 'cpu_usage': 0.209, 'use_large_model': True}}
2025-08-02 10:10:21,181 - INFO - [belt1] result: {'status': 'success', 'detect': 0, 'timestamp': '2025-08-01T20:27:22.105', 'class': '', 'camera_id': 'camera-0', 'model_name': 'v5lite_s', 'detections': [], 'perf_info': {'model_name': 'v5lite_s', 'total_time': 0.0533597469329834, 'inference_time': 0.02239823341369629, 'preprocess_time': 0.001703500747680664, 'postprocess_time': 0.0288083553314209, 'fps': 18.89794318412219, 'cpu_usage': 0.209, 'use_large_model': True}}
2025-08-02 10:10:51,431 - INFO - [belt1] result: {'status': 'success', 'detect': 1, 'timestamp': '2025-08-01T20:27:52.434', 'class': 'bruise', 'camera_id': 'camera-0', 'model_name': 'v5lite_s', 'detections': [{'class': 'bruise', 'confidence': 0.6521056369228342, 'bbox': [101, 267, 121, 80]}, {'class': 'bruise', 'confidence': 0.3341836594368727, 'bbox': [623, 73, 16, 65]}], 'perf_info': {'model_name': 'v5lite_s', 'total_time': 0.05813241004943848, 'inference_time': 0.027361631393432617, 'preprocess_time': 0.0014369487762451172, 'postprocess_time': 0.028753280639648438, 'fps': 17.37397737487211, 'cpu_usage': 0.237, 'use_large_model': True}}
2025-08-02 10:10:51,444 - INFO - [belt1] result: {'status': 'success', 'detect': 1, 'timestamp': '2025-08-01T20:27:52.434', 'class': 'bruise', 'camera_id': 'camera-0', 'model_name': 'v5lite_s', 'detections': [{'class': 'bruise', 'confidence': 0.6521056369228342, 'bbox': [101, 267, 121, 80]}, {'class': 'bruise', 'confidence': 0.3341836594368727, 'bbox': [623, 73, 16, 65]}], 'perf_info': {'model_name': 'v5lite_s', 'total_time': 0.05813241004943848, 'inference_time': 0.027361631393432617, 'preprocess_time': 0.0014369487762451172, 'postprocess_time': 0.028753280639648438, 'fps': 17.37397737487211, 'cpu_usage': 0.237, 'use_large_model': True}}
2025-08-02 10:11:17,741 - INFO - [belt1] result: {'status': 'success', 'detect': 1, 'timestamp': '2025-08-01T20:28:18.636', 'class': 'bruise', 'camera_id': 'camera-0', 'model_name': 'v5lite_s', 'detections': [{'class': 'bruise', 'confidence': 0.33386835826688943, 'bbox': [624, 62, 15, 69]}], 'perf_info': {'model_name': 'v5lite_s', 'total_time': 0.05434370040893555, 'inference_time': 0.022081375122070312, 'preprocess_time': 0.0015668869018554688, 'postprocess_time': 0.029485225677490234, 'fps': 18.818580318645378, 'cpu_usage': 0.278, 'use_large_model': True}}
2025-08-02 10:11:17,741 - INFO - [belt1] result: {'status': 'success', 'detect': 1, 'timestamp': '2025-08-01T20:28:18.636', 'class': 'bruise', 'camera_id': 'camera-0', 'model_name': 'v5lite_s', 'detections': [{'class': 'bruise', 'confidence': 0.33386835826688943, 'bbox': [624, 62, 15, 69]}], 'perf_info': {'model_name': 'v5lite_s', 'total_time': 0.05434370040893555, 'inference_time': 0.022081375122070312, 'preprocess_time': 0.0015668869018554688, 'postprocess_time': 0.029485225677490234, 'fps': 18.818580318645378, 'cpu_usage': 0.278, 'use_large_model': True}}
2025-08-02 10:12:05,247 - INFO - [belt1] result: {'status': 'success', 'detect': 0, 'timestamp': '2025-08-01T20:29:06.188', 'class': '', 'camera_id': 'camera-0', 'model_name': 'v5lite_s', 'detections': [], 'perf_info': {'model_name': 'v5lite_s', 'total_time': 0.05376100540161133, 'inference_time': 0.022385358810424805, 'preprocess_time': 0.0019359588623046875, 'postprocess_time': 0.02880716323852539, 'fps': 18.82043803481125, 'cpu_usage': 0.235, 'use_large_model': True}}
2025-08-02 10:12:05,282 - INFO - [belt1] result: {'status': 'success', 'detect': 0, 'timestamp': '2025-08-01T20:29:06.188', 'class': '', 'camera_id': 'camera-0', 'model_name': 'v5lite_s', 'detections': [], 'perf_info': {'model_name': 'v5lite_s', 'total_time': 0.05376100540161133, 'inference_time': 0.022385358810424805, 'preprocess_time': 0.0019359588623046875, 'postprocess_time': 0.02880716323852539, 'fps': 18.82043803481125, 'cpu_usage': 0.235, 'use_large_model': True}}
2025-08-02 10:12:56,333 - INFO - [belt1] result: {'status': 'success', 'detect': 1, 'timestamp': '2025-08-01T20:29:57.305', 'class': 'scratches_2', 'camera_id': 'camera-0', 'model_name': 'v5lite_s', 'detections': [{'class': 'scratches_2', 'confidence': 0.5627558812026299, 'bbox': [24, 168, 31, 257]}], 'perf_info': {'model_name': 'v5lite_s', 'total_time': 0.058058977127075195, 'inference_time': 0.0267333984375, 'preprocess_time': 0.0014832019805908203, 'postprocess_time': 0.02913522720336914, 'fps': 17.434351579743698, 'cpu_usage': 0.203, 'use_large_model': True}}
2025-08-02 10:12:56,349 - INFO - [belt1] result: {'status': 'success', 'detect': 1, 'timestamp': '2025-08-01T20:29:57.305', 'class': 'scratches_2', 'camera_id': 'camera-0', 'model_name': 'v5lite_s', 'detections': [{'class': 'scratches_2', 'confidence': 0.5627558812026299, 'bbox': [24, 168, 31, 257]}], 'perf_info': {'model_name': 'v5lite_s', 'total_time': 0.058058977127075195, 'inference_time': 0.0267333984375, 'preprocess_time': 0.0014832019805908203, 'postprocess_time': 0.02913522720336914, 'fps': 17.434351579743698, 'cpu_usage': 0.203, 'use_large_model': True}}
2025-08-02 10:13:13,383 - INFO - [belt1] result: {'status': 'success', 'detect': 1, 'timestamp': '2025-08-01T20:30:14.338', 'class': 'scratches_1', 'camera_id': 'camera-0', 'model_name': 'v5lite_s', 'detections': [{'class': 'scratches_1', 'confidence': 0.41580369542278117, 'bbox': [0, 301, 103, 29]}, {'class': 'bruise', 'confidence': 0.3887738845950568, 'bbox': [10, 184, 77, 61]}], 'perf_info': {'model_name': 'v5lite_s', 'total_time': 0.0569002628326416, 'inference_time': 0.024007320404052734, 'preprocess_time': 0.0018265247344970703, 'postprocess_time': 0.02973341941833496, 'fps': 17.984400927883236, 'cpu_usage': 0.223, 'use_large_model': True}}
2025-08-02 10:13:13,387 - INFO - [belt1] result: {'status': 'success', 'detect': 1, 'timestamp': '2025-08-01T20:30:14.338', 'class': 'scratches_1', 'camera_id': 'camera-0', 'model_name': 'v5lite_s', 'detections': [{'class': 'scratches_1', 'confidence': 0.41580369542278117, 'bbox': [0, 301, 103, 29]}, {'class': 'bruise', 'confidence': 0.3887738845950568, 'bbox': [10, 184, 77, 61]}], 'perf_info': {'model_name': 'v5lite_s', 'total_time': 0.0569002628326416, 'inference_time': 0.024007320404052734, 'preprocess_time': 0.0018265247344970703, 'postprocess_time': 0.02973341941833496, 'fps': 17.984400927883236, 'cpu_usage': 0.223, 'use_large_model': True}}
2025-08-02 10:13:25,177 - INFO - [belt1] result: {'status': 'success', 'detect': 0, 'timestamp': '2025-08-01T20:30:26.141', 'class': '', 'camera_id': 'camera-0', 'model_name': 'v5lite_s', 'detections': [], 'perf_info': {'model_name': 'v5lite_s', 'total_time': 0.05482220649719238, 'inference_time': 0.02488088607788086, 'preprocess_time': 0.0015666484832763672, 'postprocess_time': 0.027879714965820312, 'fps': 18.404545953180193, 'cpu_usage': 0.235, 'use_large_model': True}}
2025-08-02 10:13:25,213 - INFO - [belt1] result: {'status': 'success', 'detect': 0, 'timestamp': '2025-08-01T20:30:26.141', 'class': '', 'camera_id': 'camera-0', 'model_name': 'v5lite_s', 'detections': [], 'perf_info': {'model_name': 'v5lite_s', 'total_time': 0.05482220649719238, 'inference_time': 0.02488088607788086, 'preprocess_time': 0.0015666484832763672, 'postprocess_time': 0.027879714965820312, 'fps': 18.404545953180193, 'cpu_usage': 0.235, 'use_large_model': True}}
2025-08-02 10:13:58,233 - INFO - [belt1] result: {'status': 'success', 'detect': 1, 'timestamp': '2025-08-01T20:30:59.082', 'class': 'laps', 'camera_id': 'camera-0', 'model_name': 'v5lite_s', 'detections': [{'class': 'laps', 'confidence': 0.8628110696334168, 'bbox': [19, 206, 55, 95]}], 'perf_info': {'model_name': 'v5lite_s', 'total_time': 0.05630064010620117, 'inference_time': 0.022207260131835938, 'preprocess_time': 0.0023949146270751953, 'postprocess_time': 0.031049489974975586, 'fps': 17.96683615552995, 'cpu_usage': 0.245, 'use_large_model': True}}
2025-08-02 10:13:58,255 - INFO - [belt1] result: {'status': 'success', 'detect': 1, 'timestamp': '2025-08-01T20:30:59.082', 'class': 'laps', 'camera_id': 'camera-0', 'model_name': 'v5lite_s', 'detections': [{'class': 'laps', 'confidence': 0.8628110696334168, 'bbox': [19, 206, 55, 95]}], 'perf_info': {'model_name': 'v5lite_s', 'total_time': 0.05630064010620117, 'inference_time': 0.022207260131835938, 'preprocess_time': 0.0023949146270751953, 'postprocess_time': 0.031049489974975586, 'fps': 17.96683615552995, 'cpu_usage': 0.245, 'use_large_model': True}}
2025-08-02 10:14:28,160 - INFO - [belt1] result: {'status': 'success', 'detect': 1, 'timestamp': '2025-08-01T20:31:29.064', 'class': 'bruise', 'camera_id': 'camera-0', 'model_name': 'v5lite_s', 'detections': [{'class': 'bruise', 'confidence': 0.49814563886180113, 'bbox': [0, 212, 73, 79]}], 'perf_info': {'model_name': 'v5lite_s', 'total_time': 0.05535697937011719, 'inference_time': 0.022923946380615234, 'preprocess_time': 0.0014374256134033203, 'postprocess_time': 0.03040933609008789, 'fps': 18.255868309604747, 'cpu_usage': 0.215, 'use_large_model': True}}
2025-08-02 10:14:28,160 - INFO - [belt1] result: {'status': 'success', 'detect': 1, 'timestamp': '2025-08-01T20:31:29.064', 'class': 'bruise', 'camera_id': 'camera-0', 'model_name': 'v5lite_s', 'detections': [{'class': 'bruise', 'confidence': 0.49814563886180113, 'bbox': [0, 212, 73, 79]}], 'perf_info': {'model_name': 'v5lite_s', 'total_time': 0.05535697937011719, 'inference_time': 0.022923946380615234, 'preprocess_time': 0.0014374256134033203, 'postprocess_time': 0.03040933609008789, 'fps': 18.255868309604747, 'cpu_usage': 0.215, 'use_large_model': True}}
2025-08-02 10:31:02,441 - INFO - Server start: ws-server!
2025-08-02 10:32:45,518 - INFO - Server start: ws-server!
2025-08-02 10:32:55,534 - INFO - [belt1] result: {'status': 'success', 'detect': 1, 'timestamp': '2025-08-01T20:49:56.116', 'class': 'bruise', 'camera_id': 'camera-0', 'model_name': 'v5lite_s', 'detections': [{'class': 'bruise', 'confidence': 0.6327391059915057, 'bbox': [49, 225, 95, 85]}], 'perf_info': {'model_name': 'v5lite_s', 'total_time': 0.061710357666015625, 'inference_time': 0.02538609504699707, 'preprocess_time': 0.0016150474548339844, 'postprocess_time': 0.033935546875, 'fps': 16.408741305249322, 'cpu_usage': 0.258, 'use_large_model': True}}
2025-08-02 11:15:28,602 - INFO - Server start: ws-server!
2025-08-02 11:15:53,155 - INFO - [belt2] result: {'status': 'success', 'detect': 0, 'timestamp': '2025-08-02T03:15:53.581', 'class': '', 'camera_id': 'camera-2', 'model_name': 'v5lite_s', 'detections': [], 'perf_info': {'model_name': 'v5lite_s', 'total_time': 0.062059640884399414, 'inference_time': 0.028343677520751953, 'preprocess_time': 0.002418994903564453, 'postprocess_time': 0.03007364273071289, 'fps': 16.435875732781593, 'cpu_usage': 0.3, 'use_large_model': True}}
2025-08-02 11:16:38,355 - INFO - [belt2] result: {'status': 'success', 'detect': 1, 'timestamp': '2025-08-02T03:16:38.641', 'class': 'laps', 'camera_id': 'camera-2', 'model_name': 'v5lite_s', 'detections': [{'class': 'laps', 'confidence': 0.8675728666267873, 'bbox': [551, 61, 49, 94]}], 'perf_info': {'model_name': 'v5lite_s', 'total_time': 0.055056095123291016, 'inference_time': 0.020751953125, 'preprocess_time': 0.0021169185638427734, 'postprocess_time': 0.030880451202392578, 'fps': 18.60307012680573, 'cpu_usage': 0.282, 'use_large_model': True}}
2025-08-02 11:16:58,550 - INFO - [belt2] result: {'status': 'success', 'detect': 1, 'timestamp': '2025-08-02T03:16:58.947', 'class': 'laps', 'camera_id': 'camera-2', 'model_name': 'v5lite_s', 'detections': [{'class': 'laps', 'confidence': 0.869400068292969, 'bbox': [532, 34, 45, 84]}], 'perf_info': {'model_name': 'v5lite_s', 'total_time': 0.05500173568725586, 'inference_time': 0.023708820343017578, 'preprocess_time': 0.0011699199676513672, 'postprocess_time': 0.029565811157226562, 'fps': 18.365461073649183, 'cpu_usage': 0.278, 'use_large_model': True}}
2025-08-02 11:17:21,114 - INFO - [belt2] result: {'status': 'success', 'detect': 1, 'timestamp': '2025-08-02T03:17:21.591', 'class': 'laps', 'camera_id': 'camera-2', 'model_name': 'v5lite_s', 'detections': [{'class': 'laps', 'confidence': 0.7226574426122415, 'bbox': [437, 3, 47, 66]}], 'perf_info': {'model_name': 'v5lite_s', 'total_time': 0.056508541107177734, 'inference_time': 0.025971412658691406, 'preprocess_time': 0.0011391639709472656, 'postprocess_time': 0.028687715530395508, 'fps': 17.919934375240324, 'cpu_usage': 0.255, 'use_large_model': True}}
2025-08-02 11:18:08,909 - INFO - [belt2] result: {'status': 'success', 'detect': 0, 'timestamp': '2025-08-02T03:18:09.340', 'class': '', 'camera_id': 'camera-2', 'model_name': 'v5lite_s', 'detections': [], 'perf_info': {'model_name': 'v5lite_s', 'total_time': 0.05604815483093262, 'inference_time': 0.02381277084350586, 'preprocess_time': 0.0021114349365234375, 'postprocess_time': 0.029051542282104492, 'fps': 18.18802469992368, 'cpu_usage': 0.317, 'use_large_model': True}}
2025-08-02 11:18:14,282 - INFO - 广播攻击数据{'type': 'attack_detected', 'data': {'node_name': 'phytium-desktop-image-capture-694cfc744c-h89k2', 'status': 'CrashLoopBackOff', 'timestamp': '20250802-111814', 'attack_type': '程序崩溃', 'severity': 'performance', 'last_updated': '2025-08-02T11:18:14.282053'}}
2025-08-02 11:18:14,415 - INFO - 广播攻击数据{'type': 'attack_detected', 'data': {'node_name': 'phytium-desktop-image-capture-694cfc744c-h89k2', 'status': 'Ready', 'timestamp': '20250802-111814', 'attack_type': '已成功恢复', 'severity': 'success', 'last_updated': '2025-08-02T11:18:14.415830'}}
2025-08-02 11:18:15,057 - INFO - [belt2] result: {'status': 'success', 'detect': 0, 'timestamp': '2025-08-02T03:18:15.599', 'class': '', 'camera_id': 'camera-2', 'model_name': 'v5lite_s', 'detections': [], 'perf_info': {'model_name': 'v5lite_s', 'total_time': 0.053189754486083984, 'inference_time': 0.020488739013671875, 'preprocess_time': 0.002094268798828125, 'postprocess_time': 0.029429197311401367, 'fps': 19.223436776709885, 'cpu_usage': 0.317, 'use_large_model': True}}
2025-08-02 11:18:28,408 - INFO - [belt2] result: {'status': 'success', 'detect': 0, 'timestamp': '2025-08-02T03:18:28.948', 'class': '', 'camera_id': 'camera-2', 'model_name': 'v5lite_s', 'detections': [], 'perf_info': {'model_name': 'v5lite_s', 'total_time': 0.05344057083129883, 'inference_time': 0.02145218849182129, 'preprocess_time': 0.0012025833129882812, 'postprocess_time': 0.03022456169128418, 'fps': 18.90884828484742, 'cpu_usage': 0.293, 'use_large_model': True}}
2025-08-02 11:18:44,296 - INFO - [belt2] result: {'status': 'success', 'detect': 0, 'timestamp': '2025-08-02T03:18:44.757', 'class': '', 'camera_id': 'camera-2', 'model_name': 'v5lite_s', 'detections': [], 'perf_info': {'model_name': 'v5lite_s', 'total_time': 0.053078413009643555, 'inference_time': 0.022055864334106445, 'preprocess_time': 0.0011265277862548828, 'postprocess_time': 0.02928471565246582, 'fps': 19.057654996933003, 'cpu_usage': 0.27699999999999997, 'use_large_model': True}}
2025-08-02 11:18:49,315 - INFO - [belt2] result: {'status': 'success', 'detect': 0, 'timestamp': '2025-08-02T03:18:49.884', 'class': '', 'camera_id': 'camera-2', 'model_name': 'v5lite_s', 'detections': [], 'perf_info': {'model_name': 'v5lite_s', 'total_time': 0.05233573913574219, 'inference_time': 0.02059173583984375, 'preprocess_time': 0.0013453960418701172, 'postprocess_time': 0.029217004776000977, 'fps': 19.546483612248988, 'cpu_usage': 0.28300000000000003, 'use_large_model': True}}
2025-08-02 11:18:56,652 - INFO - [belt2] result: {'status': 'success', 'detect': 0, 'timestamp': '2025-08-02T03:18:57.119', 'class': '', 'camera_id': 'camera-2', 'model_name': 'v5lite_s', 'detections': [], 'perf_info': {'model_name': 'v5lite_s', 'total_time': 0.06502652168273926, 'inference_time': 0.0330047607421875, 'preprocess_time': 0.0018587112426757812, 'postprocess_time': 0.0290372371673584, 'fps': 15.64758550707336, 'cpu_usage': 0.32799999999999996, 'use_large_model': True}}
2025-08-02 11:19:06,408 - INFO - [belt2] result: {'status': 'success', 'detect': 0, 'timestamp': '2025-08-02T03:19:07.021', 'class': '', 'camera_id': 'camera-2', 'model_name': 'v5lite_s', 'detections': [], 'perf_info': {'model_name': 'v5lite_s', 'total_time': 0.05596804618835449, 'inference_time': 0.02322554588317871, 'preprocess_time': 0.0020704269409179688, 'postprocess_time': 0.029597043991088867, 'fps': 18.215750226920353, 'cpu_usage': 0.31, 'use_large_model': True}}
2025-08-02 11:19:10,505 - INFO - 广播攻击数据{'type': 'attack_detected', 'data': {'node_name': 'phytium-desktop-image-capture-694cfc744c-h89k2', 'status': 'Ready', 'timestamp': '20250802-111814', 'attack_type': '已成功恢复', 'severity': 'success', 'last_updated': '2025-08-02T11:18:14.415830'}}
2025-08-02 11:19:11,785 - INFO - 广播攻击数据{'type': 'attack_detected', 'data': {'node_name': 'phytium-desktop-image-capture-694cfc744c-h89k2', 'status': 'Ready', 'timestamp': '20250802-111814', 'attack_type': '已成功恢复', 'severity': 'success', 'last_updated': '2025-08-02T11:18:14.415830'}}
2025-08-02 11:19:13,062 - INFO - 广播攻击数据{'type': 'attack_detected', 'data': {'node_name': 'phytium-desktop-image-capture-694cfc744c-h89k2', 'status': 'Ready', 'timestamp': '20250802-111814', 'attack_type': '已成功恢复', 'severity': 'success', 'last_updated': '2025-08-02T11:18:14.415830'}}
2025-08-02 11:19:14,340 - INFO - 广播攻击数据{'type': 'attack_detected', 'data': {'node_name': 'phytium-desktop-image-capture-694cfc744c-h89k2', 'status': 'Ready', 'timestamp': '20250802-111814', 'attack_type': '已成功恢复', 'severity': 'success', 'last_updated': '2025-08-02T11:18:14.415830'}}
2025-08-02 11:20:52,491 - INFO - [belt2] result: {'status': 'success', 'detect': 1, 'timestamp': '2025-08-02T03:20:52.948', 'class': 'laps', 'camera_id': 'camera-2', 'model_name': 'v5lite_s', 'detections': [{'class': 'laps', 'confidence': 0.8137423000575281, 'bbox': [452, 49, 51, 93]}], 'perf_info': {'model_name': 'v5lite_s', 'total_time': 0.05500364303588867, 'inference_time': 0.02140665054321289, 'preprocess_time': 0.001985311508178711, 'postprocess_time': 0.030425071716308594, 'fps': 18.579008216872275, 'cpu_usage': 0.304, 'use_large_model': True}}
2025-08-02 11:27:35,114 - INFO - [belt2] result: {'status': 'success', 'detect': 0, 'timestamp': '2025-08-02T03:27:35.990', 'class': '', 'camera_id': 'camera-2', 'model_name': 'v5lite_s', 'detections': [], 'perf_info': {'model_name': 'v5lite_s', 'total_time': 0.05504298210144043, 'inference_time': 0.022960662841796875, 'preprocess_time': 0.0023353099822998047, 'postprocess_time': 0.028677701950073242, 'fps': 18.52509584297652, 'cpu_usage': 0.267, 'use_large_model': True}}
2025-08-02 11:27:50,547 - INFO - 广播攻击数据{'type': 'attack_detected', 'data': {'node_name': 'phytium-desktop', 'status': 'High CPU Load', 'timestamp': '20250802-112750', 'attack_type': '设备算力耗尽', 'severity': 'warning', 'last_updated': '2025-08-02T11:27:50.546996'}}
2025-08-02 11:27:52,482 - INFO - [belt2] result: {'status': 'success', 'detect': 0, 'timestamp': '2025-08-02T03:27:53.322', 'class': '', 'camera_id': 'camera-2', 'model_name': 'v5lite_s', 'detections': [], 'perf_info': {'model_name': 'v5lite_s', 'total_time': 0.05762767791748047, 'inference_time': 0.02554464340209961, 'preprocess_time': 0.0018990039825439453, 'postprocess_time': 0.029120445251464844, 'fps': 17.67667598059668, 'cpu_usage': 0.594, 'use_large_model': True}}
2025-08-02 11:28:29,429 - INFO - 广播攻击数据{'type': 'attack_detected', 'data': {'node_name': 'phytium-desktop', 'status': 'Ready', 'timestamp': '20250802-112829', 'attack_type': '已成功恢复', 'severity': 'success', 'last_updated': '2025-08-02T11:28:29.429735'}}
2025-08-02 11:29:19,612 - INFO - 广播攻击数据{'type': 'attack_detected', 'data': {'node_name': 'phytium-desktop', 'status': 'High CPU Load', 'timestamp': '20250802-112919', 'attack_type': '设备算力耗尽', 'severity': 'warning', 'last_updated': '2025-08-02T11:29:19.612403'}}
2025-08-02 11:29:45,303 - INFO - 广播攻击数据{'type': 'attack_detected', 'data': {'node_name': 'phytium-desktop', 'status': 'Ready', 'timestamp': '20250802-112945', 'attack_type': '已成功恢复', 'severity': 'success', 'last_updated': '2025-08-02T11:29:45.302919'}}
2025-08-02 11:41:52,398 - INFO - [belt2] result: {'status': 'success', 'detect': 0, 'timestamp': '2025-08-02T03:41:53.871', 'class': '', 'camera_id': 'camera-2', 'model_name': 'v5lite_s', 'detections': [], 'perf_info': {'model_name': 'v5lite_s', 'total_time': 0.05208301544189453, 'inference_time': 0.020389795303344727, 'preprocess_time': 0.001024484634399414, 'postprocess_time': 0.030045032501220703, 'fps': 19.43048799696102, 'cpu_usage': 0.254, 'use_large_model': True}}
2025-08-02 12:05:45,582 - INFO - [belt1] result: {'status': 'success', 'detect': 1, 'timestamp': '2025-08-01T22:22:47.480', 'class': 'laps', 'camera_id': 'camera-0', 'model_name': 'v5lite_s', 'detections': [{'class': 'laps', 'confidence': 0.7546051401944738, 'bbox': [82, 237, 55, 96]}], 'perf_info': {'model_name': 'v5lite_s', 'total_time': 0.05717778205871582, 'inference_time': 0.024435997009277344, 'preprocess_time': 0.0016918182373046875, 'postprocess_time': 0.030127286911010742, 'fps': 17.77390552629237, 'cpu_usage': 0.267, 'use_large_model': True}}
2025-08-02 12:06:28,226 - INFO - [belt1] result: {'status': 'success', 'detect': 0, 'timestamp': '2025-08-01T22:23:30.272', 'class': '', 'camera_id': 'camera-0', 'model_name': 'v5lite_s', 'detections': [], 'perf_info': {'model_name': 'v5lite_s', 'total_time': 0.05594301223754883, 'inference_time': 0.02384185791015625, 'preprocess_time': 0.0016613006591796875, 'postprocess_time': 0.029875516891479492, 'fps': 18.055626584703337, 'cpu_usage': 0.32299999999999995, 'use_large_model': True}}
2025-08-02 12:06:49,272 - INFO - [belt1] result: {'status': 'success', 'detect': 0, 'timestamp': '2025-08-01T22:23:51.348', 'class': '', 'camera_id': 'camera-0', 'model_name': 'v5lite_s', 'detections': [], 'perf_info': {'model_name': 'v5lite_s', 'total_time': 0.05627703666687012, 'inference_time': 0.023776769638061523, 'preprocess_time': 0.0012600421905517578, 'postprocess_time': 0.030555009841918945, 'fps': 17.986483241277575, 'cpu_usage': 0.247, 'use_large_model': True}}
2025-08-02 12:07:05,111 - INFO - [belt1] result: {'status': 'success', 'detect': 1, 'timestamp': '2025-08-01T22:24:06.909', 'class': 'laps', 'camera_id': 'camera-0', 'model_name': 'v5lite_s', 'detections': [{'class': 'laps', 'confidence': 0.7049582678593422, 'bbox': [84, 291, 51, 87]}], 'perf_info': {'model_name': 'v5lite_s', 'total_time': 0.06168031692504883, 'inference_time': 0.02761077880859375, 'preprocess_time': 0.0014698505401611328, 'postprocess_time': 0.03198122978210449, 'fps': 16.37504489732178, 'cpu_usage': 0.268, 'use_large_model': True}}
2025-08-02 12:07:22,907 - INFO - [belt1] result: {'status': 'success', 'detect': 1, 'timestamp': '2025-08-01T22:24:24.995', 'class': 'laps', 'camera_id': 'camera-0', 'model_name': 'v5lite_s', 'detections': [{'class': 'laps', 'confidence': 0.7609379527376415, 'bbox': [108, 250, 56, 96]}], 'perf_info': {'model_name': 'v5lite_s', 'total_time': 0.0556943416595459, 'inference_time': 0.023365020751953125, 'preprocess_time': 0.0014014244079589844, 'postprocess_time': 0.029886960983276367, 'fps': 18.294567421978932, 'cpu_usage': 0.223, 'use_large_model': True}}
2025-08-02 12:07:43,907 - INFO - [belt1] result: {'status': 'success', 'detect': 1, 'timestamp': '2025-08-01T22:24:45.997', 'class': 'laps', 'camera_id': 'camera-0', 'model_name': 'v5lite_s', 'detections': [{'class': 'laps', 'confidence': 0.5941729721944996, 'bbox': [183, 305, 48, 99]}], 'perf_info': {'model_name': 'v5lite_s', 'total_time': 0.06258606910705566, 'inference_time': 0.02930593490600586, 'preprocess_time': 0.0017161369323730469, 'postprocess_time': 0.030839204788208008, 'fps': 16.163332626832887, 'cpu_usage': 0.23399999999999999, 'use_large_model': True}}
2025-08-02 12:08:41,070 - INFO - 广播攻击数据{'type': 'attack_detected', 'data': {'node_name': 'phytium-desktop', 'status': 'High CPU Load', 'timestamp': '20250802-120841', 'attack_type': '设备算力耗尽', 'severity': 'warning', 'last_updated': '2025-08-02T12:08:41.070803'}}
2025-08-02 12:09:04,530 - INFO - [belt1] result: {'status': 'success', 'detect': 1, 'timestamp': '2025-08-01T22:26:06.421', 'class': 'laps', 'camera_id': 'camera-0', 'model_name': 'v5lite_e_int8', 'detections': [{'class': 'laps', 'confidence': 0.7265021116987858, 'bbox': [167, 346, 61, 78]}], 'perf_info': {'model_name': 'v5lite_e_int8', 'total_time': 0.13467979431152344, 'inference_time': 0.053258657455444336, 'preprocess_time': 0.0018475055694580078, 'postprocess_time': 0.0787801742553711, 'fps': 7.468503327107064, 'cpu_usage': 0.995, 'use_large_model': False}}
2025-08-02 12:09:19,422 - INFO - [belt1] result: {'status': 'success', 'detect': 1, 'timestamp': '2025-08-01T22:26:21.520', 'class': 'laps', 'camera_id': 'camera-0', 'model_name': 'v5lite_s', 'detections': [{'class': 'laps', 'confidence': 0.5627001899707765, 'bbox': [152, 320, 60, 92]}], 'perf_info': {'model_name': 'v5lite_s', 'total_time': 0.08489131927490234, 'inference_time': 0.04752206802368164, 'preprocess_time': 0.003202676773071289, 'postprocess_time': 0.03213024139404297, 'fps': 12.067439264382632, 'cpu_usage': 0.469, 'use_large_model': True}}
2025-08-02 12:09:59,486 - INFO - 广播攻击数据{'type': 'attack_detected', 'data': {'node_name': 'phytium-desktop', 'status': 'Ready', 'timestamp': '20250802-120959', 'attack_type': '已成功恢复', 'severity': 'success', 'last_updated': '2025-08-02T12:09:59.486269'}}
2025-08-02 12:10:08,119 - INFO - [belt1] result: {'status': 'success', 'detect': 1, 'timestamp': '2025-08-01T22:27:10.261', 'class': 'laps', 'camera_id': 'camera-0', 'model_name': 'v5lite_s', 'detections': [{'class': 'laps', 'confidence': 0.6259034820995973, 'bbox': [127, 320, 57, 94]}], 'perf_info': {'model_name': 'v5lite_s', 'total_time': 0.07874011993408203, 'inference_time': 0.04593968391418457, 'preprocess_time': 0.0021703243255615234, 'postprocess_time': 0.029838085174560547, 'fps': 12.827598440247725, 'cpu_usage': 0.445, 'use_large_model': True}}
2025-08-02 12:12:54,296 - INFO - 广播攻击数据{'type': 'attack_detected', 'data': {'node_name': 'phytium-desktop-image-capture-694cfc744c-h89k2', 'status': 'CrashLoopBackOff', 'timestamp': '20250802-121254', 'attack_type': '程序崩溃', 'severity': 'performance', 'last_updated': '2025-08-02T12:12:54.296338'}}
2025-08-02 12:12:54,401 - INFO - 广播攻击数据{'type': 'attack_detected', 'data': {'node_name': 'phytium-desktop-image-capture-694cfc744c-h89k2', 'status': 'Ready', 'timestamp': '20250802-121254', 'attack_type': '已成功恢复', 'severity': 'success', 'last_updated': '2025-08-02T12:12:54.400946'}}
2025-08-02 12:13:09,834 - INFO - [belt1] result: {'status': 'success', 'detect': 1, 'timestamp': '2025-08-01T22:30:11.836', 'class': 'laps', 'camera_id': 'camera-0', 'model_name': 'v5lite_s', 'detections': [{'class': 'laps', 'confidence': 0.6397805404520529, 'bbox': [182, 286, 48, 90]}], 'perf_info': {'model_name': 'v5lite_s', 'total_time': 0.0952451229095459, 'inference_time': 0.04037952423095703, 'preprocess_time': 0.015139102935791016, 'postprocess_time': 0.03280043601989746, 'fps': 11.321819781785987, 'cpu_usage': 0.35700000000000004, 'use_large_model': True}}
2025-08-02 12:13:25,272 - INFO - [belt1] result: {'status': 'success', 'detect': 0, 'timestamp': '2025-08-01T22:30:27.233', 'class': '', 'camera_id': 'camera-0', 'model_name': 'v5lite_s', 'detections': [], 'perf_info': {'model_name': 'v5lite_s', 'total_time': 0.08930301666259766, 'inference_time': 0.029128313064575195, 'preprocess_time': 0.019043445587158203, 'postprocess_time': 0.035489559173583984, 'fps': 11.952137921208235, 'cpu_usage': 0.353, 'use_large_model': True}}
2025-08-02 12:13:30,707 - INFO - [belt1] result: {'status': 'success', 'detect': 0, 'timestamp': '2025-08-01T22:30:32.691', 'class': '', 'camera_id': 'camera-0', 'model_name': 'v5lite_s', 'detections': [], 'perf_info': {'model_name': 'v5lite_s', 'total_time': 0.10525965690612793, 'inference_time': 0.04389595985412598, 'preprocess_time': 0.018851041793823242, 'postprocess_time': 0.0363309383392334, 'fps': 10.092384098789434, 'cpu_usage': 0.366, 'use_large_model': True}}
2025-08-02 12:13:35,720 - INFO - [belt1] result: {'status': 'success', 'detect': 1, 'timestamp': '2025-08-01T22:30:37.630', 'class': 'laps', 'camera_id': 'camera-0', 'model_name': 'v5lite_s', 'detections': [{'class': 'laps', 'confidence': 0.7373510776814609, 'bbox': [173, 246, 50, 96]}], 'perf_info': {'model_name': 'v5lite_s', 'total_time': 0.12471723556518555, 'inference_time': 0.02948284149169922, 'preprocess_time': 0.0019919872283935547, 'postprocess_time': 0.06919169425964355, 'fps': 9.933036200616685, 'cpu_usage': 0.385, 'use_large_model': True}}
2025-08-02 12:13:52,356 - INFO - [belt1] result: {'status': 'success', 'detect': 1, 'timestamp': '2025-08-01T22:30:47.785', 'class': 'laps', 'camera_id': 'camera-0', 'model_name': 'v5lite_s', 'detections': [{'class': 'laps', 'confidence': 0.7660457514023188, 'bbox': [172, 247, 53, 94]}], 'perf_info': {'model_name': 'v5lite_s', 'total_time': 0.07115960121154785, 'inference_time': 0.023578405380249023, 'preprocess_time': 0.00848388671875, 'postprocess_time': 0.032503366470336914, 'fps': 15.48656562113464, 'cpu_usage': 0.24100000000000002, 'use_large_model': True}}
2025-08-02 12:14:01,642 - INFO - 广播攻击数据{'type': 'attack_detected', 'data': {'node_name': 'phytium-desktop-image-capture-694cfc744c-h89k2', 'status': 'CrashLoopBackOff', 'timestamp': '20250802-121401', 'attack_type': '程序崩溃', 'severity': 'performance', 'last_updated': '2025-08-02T12:14:01.642668'}}
2025-08-02 12:14:01,747 - INFO - 广播攻击数据{'type': 'attack_detected', 'data': {'node_name': 'phytium-desktop-image-capture-694cfc744c-h89k2', 'status': 'Ready', 'timestamp': '20250802-121401', 'attack_type': '已成功恢复', 'severity': 'success', 'last_updated': '2025-08-02T12:14:01.746993'}}
2025-08-02 12:14:10,564 - INFO - [belt1] result: {'status': 'success', 'detect': 1, 'timestamp': '2025-08-01T22:30:47.785', 'class': 'laps', 'camera_id': 'camera-0', 'model_name': 'v5lite_s', 'detections': [{'class': 'laps', 'confidence': 0.7660457514023188, 'bbox': [172, 247, 53, 94]}], 'perf_info': {'model_name': 'v5lite_s', 'total_time': 0.08479142189025879, 'inference_time': 0.0290071964263916, 'preprocess_time': 0.013536214828491211, 'postprocess_time': 0.03366446495056152, 'fps': 13.121018072157241, 'cpu_usage': 0.297, 'use_large_model': True}}
2025-08-02 12:14:28,441 - INFO - [belt1] result: {'status': 'success', 'detect': 1, 'timestamp': '2025-08-01T22:30:47.785', 'class': 'laps', 'camera_id': 'camera-0', 'model_name': 'v5lite_s', 'detections': [{'class': 'laps', 'confidence': 0.7660457514023188, 'bbox': [172, 247, 53, 94]}], 'perf_info': {'model_name': 'v5lite_s', 'total_time': 0.06430959701538086, 'inference_time': 0.030240774154663086, 'preprocess_time': 0.001621246337890625, 'postprocess_time': 0.031621694564819336, 'fps': 15.750178368919498, 'cpu_usage': 0.391, 'use_large_model': True}}
2025-08-02 12:15:12,462 - INFO - 广播攻击数据{'type': 'attack_detected', 'data': {'node_name': 'ec3', 'status': 'Unknown', 'timestamp': '20250802-121512', 'attack_type': '设备物理受损', 'severity': 'critical', 'last_updated': '2025-08-02T12:15:12.462020'}}
2025-08-02 12:16:07,933 - INFO - 广播攻击数据{'type': 'attack_detected', 'data': {'node_name': 'ec3', 'status': 'Ready', 'timestamp': '20250802-121607', 'attack_type': '已成功恢复', 'severity': 'success', 'last_updated': '2025-08-02T12:16:07.933785'}}
2025-08-02 12:18:36,005 - INFO - 广播攻击数据{'type': 'attack_detected', 'data': {'node_name': 'phytium-desktop', 'status': 'High CPU Load', 'timestamp': '20250802-121835', 'attack_type': '设备算力耗尽', 'severity': 'warning', 'last_updated': '2025-08-02T12:18:36.004936'}}
2025-08-02 12:19:01,248 - INFO - [belt1] result: {'status': 'success', 'detect': 1, 'timestamp': '2025-08-01T22:30:47.785', 'class': 'laps', 'camera_id': 'camera-0', 'model_name': 'v5lite_e_int8', 'detections': [{'class': 'laps', 'confidence': 0.8202370719572603, 'bbox': [162, 245, 63, 94]}, {'class': 'laps', 'confidence': 0.40821302922488406, 'bbox': [5, 294, 28, 56]}], 'perf_info': {'model_name': 'v5lite_e_int8', 'total_time': 0.19143319129943848, 'inference_time': 0.10415840148925781, 'preprocess_time': 0.0014548301696777344, 'postprocess_time': 0.08510160446166992, 'fps': 5.243319127976968, 'cpu_usage': 1.0, 'use_large_model': False}}
2025-08-02 12:19:06,367 - INFO - [belt1] result: {'status': 'success', 'detect': 1, 'timestamp': '2025-08-01T22:30:47.785', 'class': 'laps', 'camera_id': 'camera-0', 'model_name': 'v5lite_e_int8', 'detections': [{'class': 'laps', 'confidence': 0.8202370719572603, 'bbox': [162, 245, 63, 94]}, {'class': 'laps', 'confidence': 0.40821302922488406, 'bbox': [5, 294, 28, 56]}], 'perf_info': {'model_name': 'v5lite_e_int8', 'total_time': 0.13697052001953125, 'inference_time': 0.05140089988708496, 'preprocess_time': 0.0016078948974609375, 'postprocess_time': 0.08310556411743164, 'fps': 7.3464160355348795, 'cpu_usage': 1.0, 'use_large_model': False}}
2025-08-02 12:19:13,940 - INFO - [belt1] result: {'status': 'success', 'detect': 0, 'timestamp': '2025-08-01T22:36:16.213', 'class': '', 'camera_id': 'camera-0', 'model_name': 'v5lite_s', 'detections': [], 'perf_info': {'model_name': 'v5lite_s', 'total_time': 0.07709383964538574, 'inference_time': 0.04467582702636719, 'preprocess_time': 0.0019495487213134766, 'postprocess_time': 0.029747486114501953, 'fps': 13.092266633371311, 'cpu_usage': 0.56, 'use_large_model': True}}
2025-08-02 12:19:19,999 - INFO - [belt1] result: {'status': 'success', 'detect': 0, 'timestamp': '2025-08-01T22:36:22.090', 'class': '', 'camera_id': 'camera-0', 'model_name': 'v5lite_s', 'detections': [], 'perf_info': {'model_name': 'v5lite_s', 'total_time': 0.08285856246948242, 'inference_time': 0.04851126670837402, 'preprocess_time': 0.002653360366821289, 'postprocess_time': 0.030005931854248047, 'fps': 12.318796992481204, 'cpu_usage': 0.4, 'use_large_model': True}}
2025-08-02 12:19:49,929 - INFO - 广播攻击数据{'type': 'attack_detected', 'data': {'node_name': 'phytium-desktop', 'status': 'Ready', 'timestamp': '20250802-121949', 'attack_type': '已成功恢复', 'severity': 'success', 'last_updated': '2025-08-02T12:19:49.929397'}}
2025-08-02 12:27:45,179 - INFO - [belt1] result: {'status': 'success', 'detect': 0, 'timestamp': '2025-08-01T22:44:47.423', 'class': '', 'camera_id': 'camera-0', 'model_name': 'v5lite_s', 'detections': [], 'perf_info': {'model_name': 'v5lite_s', 'total_time': 0.05632376670837402, 'inference_time': 0.023320913314819336, 'preprocess_time': 0.0014705657958984375, 'postprocess_time': 0.03067326545715332, 'fps': 18.027611106335424, 'cpu_usage': 0.284, 'use_large_model': True}}
2025-08-02 15:08:59,389 - INFO - [belt2] result: {'status': 'success', 'detect': 0, 'timestamp': '2025-08-02T07:09:09.344', 'class': '', 'camera_id': 'camera-2', 'model_name': 'v5lite_s', 'detections': [], 'perf_info': {'model_name': 'v5lite_s', 'total_time': 0.05366206169128418, 'inference_time': 0.022705078125, 'preprocess_time': 0.0011756420135498047, 'postprocess_time': 0.029332876205444336, 'fps': 18.789495847257935, 'cpu_usage': 0.263, 'use_large_model': True}}
2025-08-02 15:08:59,424 - INFO - [belt1] result: {'status': 'success', 'detect': 0, 'timestamp': '2025-08-02T01:26:03.477', 'class': '', 'camera_id': 'camera-0', 'model_name': 'v5lite_s', 'detections': [], 'perf_info': {'model_name': 'v5lite_s', 'total_time': 0.05317115783691406, 'inference_time': 0.022531747817993164, 'preprocess_time': 0.0014605522155761719, 'postprocess_time': 0.02849888801574707, 'fps': 19.04865365663135, 'cpu_usage': 0.18, 'use_large_model': True}}
